#
# There is insufficient memory for the Java Runtime Environment to continue.
# Native memory allocation (malloc) failed to allocate 32744 bytes for ChunkPool::allocate
# Possible reasons:
#   The system is out of physical RAM or swap space
#   In 32 bit mode, the process size limit was hit
# Possible solutions:
#   Reduce memory load on the system
#   Increase physical memory or swap space
#   Check if swap backing store is full
#   Use 64 bit Java on a 64 bit OS
#   Decrease Java heap size (-Xmx/-Xms)
#   Decrease number of Java threads
#   Decrease Java thread stack sizes (-Xss)
#   Set larger code cache with -XX:ReservedCodeCacheSize=
# This output file may be truncated or incomplete.
#
#  Out of Memory Error (allocation.cpp:271), pid=7428, tid=7628
#
# JRE version: Java(TM) SE Runtime Environment (8.0_11-b12) (build 1.8.0_11-b12)
# Java VM: Java HotSpot(TM) 64-Bit Server VM (25.11-b03 mixed mode windows-amd64 compressed oops)
# Failed to write core dump. Minidumps are not enabled by default on client versions of Windows
#

---------------  T H R E A D  ---------------

Current thread (0x00000000567e0800):  JavaThread "C2 CompilerThread1" daemon [_thread_in_native, id=7628, stack(0x0000000056c70000,0x0000000056d70000)]

Stack: [0x0000000056c70000,0x0000000056d70000]
Native frames: (J=compiled Java code, j=interpreted, Vv=VM code, C=native code)
V  [jvm.dll+0x308eca]


Current CompileTask:
C2:   2230  887       4       com.android.dx.ssa.NormalSsaInsn::accept (25 bytes)


---------------  P R O C E S S  ---------------

Java Threads: ( => current thread )
  0x0000000056b18800 JavaThread "pool-1-thread-4" [_thread_in_Java, id=7732, stack(0x0000000057fa0000,0x00000000580a0000)]
  0x0000000056b15800 JavaThread "pool-1-thread-3" [_thread_in_Java, id=7728, stack(0x0000000057e40000,0x0000000057f40000)]
  0x0000000056b15000 JavaThread "pool-1-thread-2" [_thread_in_Java, id=7724, stack(0x0000000057c90000,0x0000000057d90000)]
  0x0000000056ae7800 JavaThread "pool-2-thread-1" [_thread_blocked, id=7720, stack(0x0000000056fe0000,0x00000000570e0000)]
  0x0000000056ae6800 JavaThread "pool-1-thread-1" [_thread_blocked, id=7716, stack(0x0000000057b20000,0x0000000057c20000)]
  0x000000005682a000 JavaThread "Service Thread" daemon [_thread_blocked, id=7684, stack(0x00000000570e0000,0x00000000571e0000)]
  0x0000000054ed6800 JavaThread "C1 CompilerThread2" daemon [_thread_in_native, id=7652, stack(0x0000000056e40000,0x0000000056f40000)]
=>0x00000000567e0800 JavaThread "C2 CompilerThread1" daemon [_thread_in_native, id=7628, stack(0x0000000056c70000,0x0000000056d70000)]
  0x0000000054ecc800 JavaThread "C2 CompilerThread0" daemon [_thread_in_native, id=7624, stack(0x00000000566d0000,0x00000000567d0000)]
  0x0000000054edf000 JavaThread "Attach Listener" daemon [_thread_blocked, id=7620, stack(0x00000000561d0000,0x00000000562d0000)]
  0x0000000054edc000 JavaThread "Signal Dispatcher" daemon [_thread_blocked, id=7616, stack(0x0000000056560000,0x0000000056660000)]
  0x0000000054e74000 JavaThread "Finalizer" daemon [_thread_blocked, id=7596, stack(0x0000000056330000,0x0000000056430000)]
  0x0000000054e69000 JavaThread "Reference Handler" daemon [_thread_blocked, id=7584, stack(0x0000000056090000,0x0000000056190000)]
  0x000000000207f000 JavaThread "main" [_thread_in_vm, id=7488, stack(0x0000000002250000,0x0000000002350000)]

Other Threads:
  0x0000000054e65800 VMThread [stack: 0x0000000055f00000,0x0000000056000000] [id=7556]
  0x000000005682d800 WatcherThread [stack: 0x0000000056440000,0x0000000056540000] [id=7704]

VM state:not at safepoint (normal execution)

VM Mutex/Monitor currently owned by a thread: None

Heap:
 PSYoungGen      total 9728K, used 4361K [0x00000000eab00000, 0x00000000eb700000, 0x0000000100000000)
  eden space 7680K, 39% used [0x00000000eab00000,0x00000000eadf2730,0x00000000eb280000)
  from space 2048K, 65% used [0x00000000eb280000,0x00000000eb3d0000,0x00000000eb480000)
  to   space 1536K, 0% used [0x00000000eb480000,0x00000000eb480000,0x00000000eb600000)
 ParOldGen       total 61952K, used 4742K [0x00000000c0000000, 0x00000000c3c80000, 0x00000000eab00000)
  object space 61952K, 7% used [0x00000000c0000000,0x00000000c04a1bf8,0x00000000c3c80000)
 Metaspace       used 5684K, capacity 6704K, committed 6784K, reserved 1056768K
  class space    used 587K, capacity 616K, committed 640K, reserved 1048576K

Card table byte_map: [0x00000000119e0000,0x0000000011bf0000] byte_map_base: 0x00000000113e0000

Marking Bits: (ParMarkBitMap*) 0x0000000059f812b0
 Begin Bits: [0x00000000122e0000, 0x00000000132e0000)
 End Bits:   [0x00000000132e0000, 0x00000000142e0000)

Polling page: 0x0000000000140000

CodeCache: size=245760Kb used=3202Kb max_used=3202Kb free=242557Kb
 bounds [0x0000000002620000, 0x0000000002950000, 0x0000000011620000]
 total_blobs=1118 nmethods=854 adapters=178
 compilation: enabled

Compilation events (10 events):
Event: 2.224 Thread 0x0000000054ed6800 nmethod 967 0x000000000293f050 code [0x000000000293f1e0, 0x000000000293f4f8]
Event: 2.224 Thread 0x0000000054ed6800  972       2       com.android.dx.ssa.PhiInsn::getSources (95 bytes)
Event: 2.225 Thread 0x0000000054ed6800 nmethod 972 0x000000000293f850 code [0x000000000293fa40, 0x0000000002940138]
Event: 2.225 Thread 0x0000000054ed6800  948       2       com.android.dx.ssa.BasicRegisterMapper::addMapping (68 bytes)
Event: 2.226 Thread 0x0000000054ed6800 nmethod 948 0x000000000291fb10 code [0x000000000291fc80, 0x000000000291fef8]
Event: 2.226 Thread 0x0000000054ed6800  984       2       com.android.dx.ssa.back.SsaToRop::convertInsns (53 bytes)
Event: 2.227 Thread 0x0000000054ed6800 nmethod 984 0x0000000002940a50 code [0x0000000002940c40, 0x00000000029412c8]
Event: 2.227 Thread 0x0000000054ed6800  983       2       com.android.dx.ssa.SsaBasicBlock::getRopLabelSuccessorList (57 bytes)
Event: 2.228 Thread 0x0000000054ed6800 nmethod 983 0x0000000002941bd0 code [0x0000000002941d80, 0x00000000029421c8]
Event: 2.228 Thread 0x0000000054ed6800  865   !   3       com.android.dx.cf.code.Simulator::simulate (74 bytes)

GC Heap History (10 events):
Event: 0.964 GC heap before
{Heap before GC invocations=7 (full 0):
 PSYoungGen      total 5120K, used 4572K [0x00000000eab00000, 0x00000000eb100000, 0x0000000100000000)
  eden space 4096K, 99% used [0x00000000eab00000,0x00000000eaeff248,0x00000000eaf00000)
  from space 1024K, 46% used [0x00000000eb000000,0x00000000eb078000,0x00000000eb100000)
  to   space 1024K, 0% used [0x00000000eaf00000,0x00000000eaf00000,0x00000000eb000000)
 ParOldGen       total 61952K, used 408K [0x00000000c0000000, 0x00000000c3c80000, 0x00000000eab00000)
  object space 61952K, 0% used [0x00000000c0000000,0x00000000c0066300,0x00000000c3c80000)
 Metaspace       used 4395K, capacity 5584K, committed 5760K, reserved 1056768K
  class space    used 488K, capacity 520K, committed 640K, reserved 1048576K
Event: 1.073 GC heap after
Heap after GC invocations=7 (full 0):
 PSYoungGen      total 5120K, used 1017K [0x00000000eab00000, 0x00000000eb600000, 0x0000000100000000)
  eden space 4096K, 0% used [0x00000000eab00000,0x00000000eab00000,0x00000000eaf00000)
  from space 1024K, 99% used [0x00000000eaf00000,0x00000000eaffe470,0x00000000eb000000)
  to   space 1536K, 0% used [0x00000000eb480000,0x00000000eb480000,0x00000000eb600000)
 ParOldGen       total 61952K, used 1080K [0x00000000c0000000, 0x00000000c3c80000, 0x00000000eab00000)
  object space 61952K, 1% used [0x00000000c0000000,0x00000000c010e290,0x00000000c3c80000)
 Metaspace       used 4395K, capacity 5584K, committed 5760K, reserved 1056768K
  class space    used 488K, capacity 520K, committed 640K, reserved 1048576K
}
Event: 1.424 GC heap before
{Heap before GC invocations=8 (full 0):
 PSYoungGen      total 5120K, used 5113K [0x00000000eab00000, 0x00000000eb600000, 0x0000000100000000)
  eden space 4096K, 100% used [0x00000000eab00000,0x00000000eaf00000,0x00000000eaf00000)
  from space 1024K, 99% used [0x00000000eaf00000,0x00000000eaffe470,0x00000000eb000000)
  to   space 1536K, 0% used [0x00000000eb480000,0x00000000eb480000,0x00000000eb600000)
 ParOldGen       total 61952K, used 1080K [0x00000000c0000000, 0x00000000c3c80000, 0x00000000eab00000)
  object space 61952K, 1% used [0x00000000c0000000,0x00000000c010e290,0x00000000c3c80000)
 Metaspace       used 5316K, capacity 6448K, committed 6528K, reserved 1056768K
  class space    used 581K, capacity 616K, committed 640K, reserved 1048576K
Event: 1.439 GC heap after
Heap after GC invocations=8 (full 0):
 PSYoungGen      total 9216K, used 1508K [0x00000000eab00000, 0x00000000eb700000, 0x0000000100000000)
  eden space 7680K, 0% used [0x00000000eab00000,0x00000000eab00000,0x00000000eb280000)
  from space 1536K, 98% used [0x00000000eb480000,0x00000000eb5f9280,0x00000000eb600000)
  to   space 2048K, 0% used [0x00000000eb280000,0x00000000eb280000,0x00000000eb480000)
 ParOldGen       total 61952K, used 1414K [0x00000000c0000000, 0x00000000c3c80000, 0x00000000eab00000)
  object space 61952K, 2% used [0x00000000c0000000,0x00000000c0161ac8,0x00000000c3c80000)
 Metaspace       used 5316K, capacity 6448K, committed 6528K, reserved 1056768K
  class space    used 581K, capacity 616K, committed 640K, reserved 1048576K
}
Event: 1.913 GC heap before
{Heap before GC invocations=9 (full 0):
 PSYoungGen      total 9216K, used 9188K [0x00000000eab00000, 0x00000000eb700000, 0x0000000100000000)
  eden space 7680K, 100% used [0x00000000eab00000,0x00000000eb280000,0x00000000eb280000)
  from space 1536K, 98% used [0x00000000eb480000,0x00000000eb5f9280,0x00000000eb600000)
  to   space 2048K, 0% used [0x00000000eb280000,0x00000000eb280000,0x00000000eb480000)
 ParOldGen       total 61952K, used 1414K [0x00000000c0000000, 0x00000000c3c80000, 0x00000000eab00000)
  object space 61952K, 2% used [0x00000000c0000000,0x00000000c0161ac8,0x00000000c3c80000)
 Metaspace       used 5589K, capacity 6640K, committed 6784K, reserved 1056768K
  class space    used 587K, capacity 616K, committed 640K, reserved 1048576K
Event: 1.924 GC heap after
Heap after GC invocations=9 (full 0):
 PSYoungGen      total 9728K, used 2032K [0x00000000eab00000, 0x00000000eb700000, 0x0000000100000000)
  eden space 7680K, 0% used [0x00000000eab00000,0x00000000eab00000,0x00000000eb280000)
  from space 2048K, 99% used [0x00000000eb280000,0x00000000eb47c028,0x00000000eb480000)
  to   space 1536K, 0% used [0x00000000eb480000,0x00000000eb480000,0x00000000eb600000)
 ParOldGen       total 61952K, used 1538K [0x00000000c0000000, 0x00000000c3c80000, 0x00000000eab00000)
  object space 61952K, 2% used [0x00000000c0000000,0x00000000c0180bb0,0x00000000c3c80000)
 Metaspace       used 5589K, capacity 6640K, committed 6784K, reserved 1056768K
  class space    used 587K, capacity 616K, committed 640K, reserved 1048576K
}
Event: 2.016 GC heap before
{Heap before GC invocations=10 (full 0):
 PSYoungGen      total 9728K, used 9712K [0x00000000eab00000, 0x00000000eb700000, 0x0000000100000000)
  eden space 7680K, 100% used [0x00000000eab00000,0x00000000eb280000,0x00000000eb280000)
  from space 2048K, 99% used [0x00000000eb280000,0x00000000eb47c028,0x00000000eb480000)
  to   space 1536K, 0% used [0x00000000eb480000,0x00000000eb480000,0x00000000eb600000)
 ParOldGen       total 61952K, used 1538K [0x00000000c0000000, 0x00000000c3c80000, 0x00000000eab00000)
  object space 61952K, 2% used [0x00000000c0000000,0x00000000c0180bb0,0x00000000c3c80000)
 Metaspace       used 5617K, capacity 6640K, committed 6784K, reserved 1056768K
  class space    used 587K, capacity 616K, committed 640K, reserved 1048576K
Event: 2.021 GC heap after
Heap after GC invocations=10 (full 0):
 PSYoungGen      total 9216K, used 1504K [0x00000000eab00000, 0x00000000eb700000, 0x0000000100000000)
  eden space 7680K, 0% used [0x00000000eab00000,0x00000000eab00000,0x00000000eb280000)
  from space 1536K, 97% used [0x00000000eb480000,0x00000000eb5f8010,0x00000000eb600000)
  to   space 2048K, 0% used [0x00000000eb280000,0x00000000eb280000,0x00000000eb480000)
 ParOldGen       total 61952K, used 3519K [0x00000000c0000000, 0x00000000c3c80000, 0x00000000eab00000)
  object space 61952K, 5% used [0x00000000c0000000,0x00000000c036ff60,0x00000000c3c80000)
 Metaspace       used 5617K, capacity 6640K, committed 6784K, reserved 1056768K
  class space    used 587K, capacity 616K, committed 640K, reserved 1048576K
}
Event: 2.162 GC heap before
{Heap before GC invocations=11 (full 0):
 PSYoungGen      total 9216K, used 9184K [0x00000000eab00000, 0x00000000eb700000, 0x0000000100000000)
  eden space 7680K, 100% used [0x00000000eab00000,0x00000000eb280000,0x00000000eb280000)
  from space 1536K, 97% used [0x00000000eb480000,0x00000000eb5f8010,0x00000000eb600000)
  to   space 2048K, 0% used [0x00000000eb280000,0x00000000eb280000,0x00000000eb480000)
 ParOldGen       total 61952K, used 3519K [0x00000000c0000000, 0x00000000c3c80000, 0x00000000eab00000)
  object space 61952K, 5% used [0x00000000c0000000,0x00000000c036ff60,0x00000000c3c80000)
 Metaspace       used 5667K, capacity 6704K, committed 6784K, reserved 1056768K
  class space    used 587K, capacity 616K, committed 640K, reserved 1048576K
Event: 2.168 GC heap after
Heap after GC invocations=11 (full 0):
 PSYoungGen      total 9728K, used 1344K [0x00000000eab00000, 0x00000000eb700000, 0x0000000100000000)
  eden space 7680K, 0% used [0x00000000eab00000,0x00000000eab00000,0x00000000eb280000)
  from space 2048K, 65% used [0x00000000eb280000,0x00000000eb3d0000,0x00000000eb480000)
  to   space 1536K, 0% used [0x00000000eb480000,0x00000000eb480000,0x00000000eb600000)
 ParOldGen       total 61952K, used 4742K [0x00000000c0000000, 0x00000000c3c80000, 0x00000000eab00000)
  object space 61952K, 7% used [0x00000000c0000000,0x00000000c04a1bf8,0x00000000c3c80000)
 Metaspace       used 5667K, capacity 6704K, committed 6784K, reserved 1056768K
  class space    used 587K, capacity 616K, committed 640K, reserved 1048576K
}

Deoptimization events (10 events):
Event: 1.633 Thread 0x0000000056b18800 Uncommon trap: reason=class_check action=maybe_recompile pc=0x000000000287db40 method=com.android.dx.ssa.NormalSsaInsn.accept(Lcom/android/dx/ssa/SsaInsn$Visitor;)V @ 9
Event: 1.790 Thread 0x0000000056b15000 Uncommon trap: reason=class_check action=maybe_recompile pc=0x000000000287db40 method=com.android.dx.ssa.NormalSsaInsn.accept(Lcom/android/dx/ssa/SsaInsn$Visitor;)V @ 9
Event: 1.805 Thread 0x0000000056ae6800 Uncommon trap: reason=class_check action=maybe_recompile pc=0x000000000287db40 method=com.android.dx.ssa.NormalSsaInsn.accept(Lcom/android/dx/ssa/SsaInsn$Visitor;)V @ 9
Event: 1.805 Thread 0x0000000056ae6800 Uncommon trap: reason=class_check action=maybe_recompile pc=0x000000000287db40 method=com.android.dx.ssa.NormalSsaInsn.accept(Lcom/android/dx/ssa/SsaInsn$Visitor;)V @ 9
Event: 1.805 Thread 0x0000000056ae6800 Uncommon trap: reason=class_check action=maybe_recompile pc=0x00000000028541e0 method=com.android.dx.ssa.NormalSsaInsn.accept(Lcom/android/dx/ssa/SsaInsn$Visitor;)V @ 9
Event: 1.837 Thread 0x0000000056b18800 Uncommon trap: reason=class_check action=maybe_recompile pc=0x0000000002860f04 method=com.android.dx.rop.type.Type.equals(Ljava/lang/Object;)Z @ 8
Event: 1.838 Thread 0x0000000056b18800 Uncommon trap: reason=class_check action=maybe_recompile pc=0x0000000002860f04 method=com.android.dx.rop.type.Type.equals(Ljava/lang/Object;)Z @ 8
Event: 1.838 Thread 0x0000000056b18800 Uncommon trap: reason=class_check action=maybe_recompile pc=0x0000000002860f04 method=com.android.dx.rop.type.Type.equals(Ljava/lang/Object;)Z @ 8
Event: 1.838 Thread 0x0000000056b18800 Uncommon trap: reason=class_check action=maybe_recompile pc=0x0000000002860f04 method=com.android.dx.rop.type.Type.equals(Ljava/lang/Object;)Z @ 8
Event: 1.847 Thread 0x0000000056b18800 Uncommon trap: reason=unreached action=reinterpret pc=0x00000000028c5684 method=com.android.dx.rop.cst.Constant.compareTo(Lcom/android/dx/rop/cst/Constant;)I @ 12

Internal exceptions (10 events):
Event: 1.377 Thread 0x0000000056ae6800 Exception <a 'java/security/PrivilegedActionException'> (0x00000000eade1110) thrown at [C:\re\workspace\8-2-build-windows-amd64-cygwin\jdk8u11\648\hotspot\src\share\vm\prims\jvm.cpp, line 1248]
Event: 1.381 Thread 0x0000000056b15800 Exception <a 'java/security/PrivilegedActionException'> (0x00000000ead83b00) thrown at [C:\re\workspace\8-2-build-windows-amd64-cygwin\jdk8u11\648\hotspot\src\share\vm\prims\jvm.cpp, line 1248]
Event: 1.383 Thread 0x0000000056b15800 Exception <a 'java/security/PrivilegedActionException'> (0x00000000eadfcef8) thrown at [C:\re\workspace\8-2-build-windows-amd64-cygwin\jdk8u11\648\hotspot\src\share\vm\prims\jvm.cpp, line 1248]
Event: 1.387 Thread 0x0000000056b15800 Exception <a 'java/security/PrivilegedActionException'> (0x00000000eae01808) thrown at [C:\re\workspace\8-2-build-windows-amd64-cygwin\jdk8u11\648\hotspot\src\share\vm\prims\jvm.cpp, line 1248]
Event: 1.398 Thread 0x0000000056b18800 Exception <a 'java/security/PrivilegedActionException'> (0x00000000eae301c8) thrown at [C:\re\workspace\8-2-build-windows-amd64-cygwin\jdk8u11\648\hotspot\src\share\vm\prims\jvm.cpp, line 1248]
Event: 1.401 Thread 0x0000000056b18800 Exception <a 'java/security/PrivilegedActionException'> (0x00000000eae4cf80) thrown at [C:\re\workspace\8-2-build-windows-amd64-cygwin\jdk8u11\648\hotspot\src\share\vm\prims\jvm.cpp, line 1248]
Event: 1.409 Thread 0x0000000056b15000 Exception <a 'java/security/PrivilegedActionException'> (0x00000000eae826f0) thrown at [C:\re\workspace\8-2-build-windows-amd64-cygwin\jdk8u11\648\hotspot\src\share\vm\prims\jvm.cpp, line 1248]
Event: 1.444 Thread 0x000000000207f000 Exception <a 'java/security/PrivilegedActionException'> (0x00000000eab1beb0) thrown at [C:\re\workspace\8-2-build-windows-amd64-cygwin\jdk8u11\648\hotspot\src\share\vm\prims\jvm.cpp, line 1248]
Event: 1.513 Thread 0x0000000056b15000 Exception <a 'java/security/PrivilegedActionException'> (0x00000000eac600c0) thrown at [C:\re\workspace\8-2-build-windows-amd64-cygwin\jdk8u11\648\hotspot\src\share\vm\prims\jvm.cpp, line 1248]
Event: 1.573 Thread 0x0000000056b15800 Exception <a 'java/security/PrivilegedActionException'> (0x00000000ead537e8) thrown at [C:\re\workspace\8-2-build-windows-amd64-cygwin\jdk8u11\648\hotspot\src\share\vm\prims\jvm.cpp, line 1248]

Events (10 events):
Event: 1.905 loading class java/util/TreeMap$EntrySet done
Event: 1.905 loading class java/util/TreeMap$EntryIterator
Event: 1.906 loading class java/util/TreeMap$EntryIterator done
Event: 1.912 Executing VM operation: ParallelGCFailedAllocation
Event: 1.924 Executing VM operation: ParallelGCFailedAllocation done
Event: 2.015 Executing VM operation: ParallelGCFailedAllocation
Event: 2.021 Executing VM operation: ParallelGCFailedAllocation done
Event: 2.154 Executing VM operation: ParallelGCFailedAllocation
Event: 2.168 Executing VM operation: ParallelGCFailedAllocation done
Event: 2.195 Thread 0x0000000054ed6800 flushing nmethod 0x000000000272ba10


Dynamic libraries:
0x000000013fa80000 - 0x000000013fab4000 	C:\Program Files\Java\jdk1.8.0_11\bin\java.exe
0x0000000077c50000 - 0x0000000077df8000 	C:\Windows\SYSTEM32\ntdll.dll
0x0000000077a30000 - 0x0000000077b4f000 	C:\Windows\system32\kernel32.dll
0x000007fefdaf0000 - 0x000007fefdb5c000 	C:\Windows\system32\KERNELBASE.dll
0x000007fefe440000 - 0x000007fefe51b000 	C:\Windows\system32\ADVAPI32.dll
0x000007fefe3a0000 - 0x000007fefe43f000 	C:\Windows\system32\msvcrt.dll
0x000007fefef50000 - 0x000007fefef6f000 	C:\Windows\SYSTEM32\sechost.dll
0x000007fefe520000 - 0x000007fefe64d000 	C:\Windows\system32\RPCRT4.dll
0x0000000077b50000 - 0x0000000077c4a000 	C:\Windows\system32\USER32.dll
0x000007fefe650000 - 0x000007fefe6b7000 	C:\Windows\system32\GDI32.dll
0x000007fefdec0000 - 0x000007fefdece000 	C:\Windows\system32\LPK.dll
0x000007feffe90000 - 0x000007fefff59000 	C:\Windows\system32\USP10.dll
0x000007fefc070000 - 0x000007fefc264000 	C:\Windows\WinSxS\amd64_microsoft.windows.common-controls_6595b64144ccf1df_6.0.7601.18837_none_fa3b1e3d17594757\COMCTL32.dll
0x000007fefde40000 - 0x000007fefdeb1000 	C:\Windows\system32\SHLWAPI.dll
0x000007fefe6c0000 - 0x000007fefe6ee000 	C:\Windows\system32\IMM32.DLL
0x000007fefe0b0000 - 0x000007fefe1b9000 	C:\Windows\system32\MSCTF.dll
0x0000000074a50000 - 0x0000000074b22000 	C:\Program Files\Java\jdk1.8.0_11\jre\bin\msvcr100.dll
0x00000000597d0000 - 0x0000000059ffa000 	C:\Program Files\Java\jdk1.8.0_11\jre\bin\server\jvm.dll
0x000007fef9490000 - 0x000007fef9499000 	C:\Windows\system32\WSOCK32.dll
0x000007fefe350000 - 0x000007fefe39d000 	C:\Windows\system32\WS2_32.dll
0x000007fefef70000 - 0x000007fefef78000 	C:\Windows\system32\NSI.dll
0x000007fefb900000 - 0x000007fefb93b000 	C:\Windows\system32\WINMM.dll
0x0000000077e20000 - 0x0000000077e27000 	C:\Windows\system32\PSAPI.DLL
0x0000000074d50000 - 0x0000000074d5f000 	C:\Program Files\Java\jdk1.8.0_11\jre\bin\verify.dll
0x00000000596c0000 - 0x00000000596e8000 	C:\Program Files\Java\jdk1.8.0_11\jre\bin\java.dll
0x00000000596a0000 - 0x00000000596b6000 	C:\Program Files\Java\jdk1.8.0_11\jre\bin\zip.dll
0x000007feff100000 - 0x000007feffe89000 	C:\Windows\system32\SHELL32.dll
0x000007fefea40000 - 0x000007fefec43000 	C:\Windows\system32\ole32.dll
0x000007fefda00000 - 0x000007fefda0f000 	C:\Windows\system32\profapi.dll

VM Arguments:
jvm_args: -Djava.awt.headless=true -Xmx1024M -Dfile.encoding=windows-1252 -Duser.country=US -Duser.language=en -Duser.variant 
java_command: com.android.dx.command.Main --dex --force-jumbo --num-threads=4 --output C:\ORT\prog6\2016\CocosFirst\app\build\intermediates\pre-dexed\debug\internal_impl-23.4.0_747ab2842de9f049040fc3ffa01aa04b59128b5d.jar C:\ORT\prog6\2016\CocosFirst\app\build\intermediates\exploded-aar\com.android.support\support-v4\23.4.0\jars\libs\internal_impl-23.4.0.jar
java_class_path (initial): C:\Users\Leandro\AppData\Local\Android\sdk\build-tools\23.0.2\lib\dx.jar
Launcher Type: SUN_STANDARD

Environment Variables:
JAVA_HOME=C:\Program Files\Java\jdk1.8.0_11
PATH=C:\Windows\system32;C:\Windows;C:\Windows\System32\Wbem;C:\Windows\System32\WindowsPowerShell\v1.0\;c:\Program Files (x86)\ATI Technologies\ATI.ACE\Core-Static;C:\php\;C:\ProgramData\ComposerSetup\bin;c:\program files\Java\jdk1.8.0_11\bin;C:\Program Files (x86)\Git\bin;C:\Users\Leandro\AppData\Roaming\npm\;c:\Python27;c:\Python34;c:\Python34\scripts;C:\Program Files (x86)\GitExtensions\;C:\Program Files (x86)\Skype\Phone\;C:\Program Files\nodejs\;C:\Users\Leandro\AppData\Local\atom\bin;C:\Users\Leandro\AppData\Roaming\npm;C:\Users\Leandro\AppData\Local\Android\sdk\platform-tools;
USERNAME=Leandro
OS=Windows_NT
PROCESSOR_IDENTIFIER=Intel64 Family 6 Model 37 Stepping 2, GenuineIntel



---------------  S Y S T E M  ---------------

OS: Windows 7 , 64 bit Build 7601 Service Pack 1

CPU:total 4 (2 cores per cpu, 2 threads per core) family 6 model 37 stepping 2, cmov, cx8, fxsr, mmx, sse, sse2, sse3, ssse3, sse4.1, sse4.2, popcnt, aes, clmul, ht, tsc, tscinvbit

Memory: 4k page, physical 4044900k(268968k free), swap 8281068k(4008k free)

vm_info: Java HotSpot(TM) 64-Bit Server VM (25.11-b03) for windows-amd64 JRE (1.8.0_11-b12), built on Jun 16 2014 20:57:32 by "java_re" with MS VC++ 10.0 (VS2010)

time: Mon Sep 12 11:25:28 2016
elapsed time: 2 seconds

