#
# There is insufficient memory for the Java Runtime Environment to continue.
# Native memory allocation (malloc) failed to allocate 262160 bytes for Chunk::new
# Possible reasons:
#   The system is out of physical RAM or swap space
#   In 32 bit mode, the process size limit was hit
# Possible solutions:
#   Reduce memory load on the system
#   Increase physical memory or swap space
#   Check if swap backing store is full
#   Use 64 bit Java on a 64 bit OS
#   Decrease Java heap size (-Xmx/-Xms)
#   Decrease number of Java threads
#   Decrease Java thread stack sizes (-Xss)
#   Set larger code cache with -XX:ReservedCodeCacheSize=
# This output file may be truncated or incomplete.
#
#  Out of Memory Error (allocation.cpp:388), pid=7000, tid=3656
#
# JRE version: Java(TM) SE Runtime Environment (8.0_11-b12) (build 1.8.0_11-b12)
# Java VM: Java HotSpot(TM) 64-Bit Server VM (25.11-b03 mixed mode windows-amd64 compressed oops)
# Failed to write core dump. Minidumps are not enabled by default on client versions of Windows
#

---------------  T H R E A D  ---------------

Current thread (0x0000000056ae9800):  JavaThread "C2 CompilerThread1" daemon [_thread_in_native, id=3656, stack(0x0000000056870000,0x0000000056970000)]

Stack: [0x0000000056870000,0x0000000056970000]
Native frames: (J=compiled Java code, j=interpreted, Vv=VM code, C=native code)
V  [jvm.dll+0x308eca]


Current CompileTask:
C2:  13059 1764   !   4       com.android.dx.cf.code.BytecodeArray::parseInstruction (2764 bytes)


---------------  P R O C E S S  ---------------

Java Threads: ( => current thread )
  0x0000000057136800 JavaThread "pool-1-thread-4" [_thread_in_Java, id=6212, stack(0x0000000057f90000,0x0000000058090000)]
  0x0000000057133000 JavaThread "pool-1-thread-3" [_thread_blocked, id=6392, stack(0x0000000057e90000,0x0000000057f90000)]
  0x0000000057132000 JavaThread "pool-1-thread-2" [_thread_blocked, id=2356, stack(0x0000000057be0000,0x0000000057ce0000)]
  0x0000000056d02000 JavaThread "pool-2-thread-1" [_thread_blocked, id=5168, stack(0x0000000057a70000,0x0000000057b70000)]
  0x0000000056d01800 JavaThread "pool-1-thread-1" [_thread_blocked, id=4660, stack(0x00000000578d0000,0x00000000579d0000)]
  0x0000000056aed800 JavaThread "Service Thread" daemon [_thread_blocked, id=6388, stack(0x0000000056fc0000,0x00000000570c0000)]
  0x0000000056aeb000 JavaThread "C1 CompilerThread2" daemon [_thread_blocked, id=280, stack(0x0000000056660000,0x0000000056760000)]
=>0x0000000056ae9800 JavaThread "C2 CompilerThread1" daemon [_thread_in_native, id=3656, stack(0x0000000056870000,0x0000000056970000)]
  0x00000000550fc800 JavaThread "C2 CompilerThread0" daemon [_thread_in_native, id=5516, stack(0x00000000569a0000,0x0000000056aa0000)]
  0x000000005510f000 JavaThread "Attach Listener" daemon [_thread_blocked, id=6468, stack(0x0000000056770000,0x0000000056870000)]
  0x000000005510b800 JavaThread "Signal Dispatcher" daemon [_thread_blocked, id=1852, stack(0x0000000056530000,0x0000000056630000)]
  0x00000000550a4000 JavaThread "Finalizer" daemon [_thread_blocked, id=5848, stack(0x0000000056380000,0x0000000056480000)]
  0x0000000055099000 JavaThread "Reference Handler" daemon [_thread_blocked, id=6636, stack(0x00000000561e0000,0x00000000562e0000)]
  0x00000000021ff000 JavaThread "main" [_thread_blocked, id=7024, stack(0x0000000002390000,0x0000000002490000)]

Other Threads:
  0x0000000055095800 VMThread [stack: 0x0000000056020000,0x0000000056120000] [id=6528]
  0x0000000056af6800 WatcherThread [stack: 0x0000000056eb0000,0x0000000056fb0000] [id=5160]

VM state:not at safepoint (normal execution)

VM Mutex/Monitor currently owned by a thread: None

Heap:
 PSYoungGen      total 22016K, used 15777K [0x00000000eab00000, 0x00000000ed000000, 0x0000000100000000)
  eden space 18944K, 67% used [0x00000000eab00000,0x00000000eb77f488,0x00000000ebd80000)
  from space 3072K, 97% used [0x00000000ebd80000,0x00000000ec069298,0x00000000ec080000)
  to   space 3584K, 0% used [0x00000000ecc80000,0x00000000ecc80000,0x00000000ed000000)
 ParOldGen       total 61952K, used 8284K [0x00000000c0000000, 0x00000000c3c80000, 0x00000000eab00000)
  object space 61952K, 13% used [0x00000000c0000000,0x00000000c0817130,0x00000000c3c80000)
 Metaspace       used 5944K, capacity 6960K, committed 7040K, reserved 1056768K
  class space    used 594K, capacity 616K, committed 640K, reserved 1048576K

Card table byte_map: [0x0000000011b20000,0x0000000011d30000] byte_map_base: 0x0000000011520000

Marking Bits: (ParMarkBitMap*) 0x0000000059f812b0
 Begin Bits: [0x0000000012510000, 0x0000000013510000)
 End Bits:   [0x0000000013510000, 0x0000000014510000)

Polling page: 0x0000000000130000

CodeCache: size=245760Kb used=7560Kb max_used=7581Kb free=238199Kb
 bounds [0x0000000002760000, 0x0000000002ee0000, 0x0000000011760000]
 total_blobs=2010 nmethods=1747 adapters=178
 compilation: enabled

Compilation events (10 events):
Event: 12.649 Thread 0x0000000056ae9800 1761       4       com.android.dx.ssa.back.FirstFitLocalCombiningAllocator::addMapping (76 bytes)
Event: 12.886 Thread 0x0000000056ae9800 nmethod 1761 0x0000000002ebdc50 code [0x0000000002ebdf60, 0x0000000002ec05d0]
Event: 12.887 Thread 0x0000000056ae9800 1762       4       com.android.dx.rop.code.BasicBlockList::forEachInsn (39 bytes)
Event: 12.892 Thread 0x0000000056ae9800 nmethod 1762 0x0000000002e9c2d0 code [0x0000000002e9c420, 0x0000000002e9c6b8]
Event: 12.894 Thread 0x0000000056ae9800 1763       4       com.android.dx.cf.code.LocalVariableList::pcAndIndexToLocal (51 bytes)
Event: 12.897 Thread 0x0000000056ae9800 nmethod 1763 0x0000000002ea00d0 code [0x0000000002ea0220, 0x0000000002ea0338]
Event: 12.898 Thread 0x0000000056ae9800 1764   !   4       com.android.dx.cf.code.BytecodeArray::parseInstruction (2764 bytes)
Event: 13.009 Thread 0x00000000550fc800 nmethod 1700 0x0000000002ec3bd0 code [0x0000000002ec4400, 0x0000000002ec8e90]
Event: 13.052 Thread 0x0000000056aeb000 1765       3       java.util.concurrent.locks.AbstractQueuedSynchronizer::isOnSyncQueue (33 bytes)
Event: 13.053 Thread 0x0000000056aeb000 nmethod 1765 0x0000000002e9fa90 code [0x0000000002e9fc00, 0x0000000002e9ff90]

GC Heap History (10 events):
Event: 2.841 GC heap before
{Heap before GC invocations=9 (full 0):
 PSYoungGen      total 9216K, used 9210K [0x00000000eab00000, 0x00000000eb700000, 0x0000000100000000)
  eden space 7680K, 100% used [0x00000000eab00000,0x00000000eb280000,0x00000000eb280000)
  from space 1536K, 99% used [0x00000000eb480000,0x00000000eb5fea98,0x00000000eb600000)
  to   space 2048K, 0% used [0x00000000eb280000,0x00000000eb280000,0x00000000eb480000)
 ParOldGen       total 61952K, used 1486K [0x00000000c0000000, 0x00000000c3c80000, 0x00000000eab00000)
  object space 61952K, 2% used [0x00000000c0000000,0x00000000c01738e8,0x00000000c3c80000)
 Metaspace       used 5673K, capacity 6704K, committed 6784K, reserved 1056768K
  class space    used 592K, capacity 616K, committed 640K, reserved 1048576K
Event: 2.989 GC heap after
Heap after GC invocations=9 (full 0):
 PSYoungGen      total 9728K, used 2023K [0x00000000eab00000, 0x00000000ebc00000, 0x0000000100000000)
  eden space 7680K, 0% used [0x00000000eab00000,0x00000000eab00000,0x00000000eb280000)
  from space 2048K, 98% used [0x00000000eb280000,0x00000000eb479c68,0x00000000eb480000)
  to   space 2560K, 0% used [0x00000000eb980000,0x00000000eb980000,0x00000000ebc00000)
 ParOldGen       total 61952K, used 1655K [0x00000000c0000000, 0x00000000c3c80000, 0x00000000eab00000)
  object space 61952K, 2% used [0x00000000c0000000,0x00000000c019df58,0x00000000c3c80000)
 Metaspace       used 5673K, capacity 6704K, committed 6784K, reserved 1056768K
  class space    used 592K, capacity 616K, committed 640K, reserved 1048576K
}
Event: 4.809 GC heap before
{Heap before GC invocations=10 (full 0):
 PSYoungGen      total 9728K, used 9703K [0x00000000eab00000, 0x00000000ebc00000, 0x0000000100000000)
  eden space 7680K, 100% used [0x00000000eab00000,0x00000000eb280000,0x00000000eb280000)
  from space 2048K, 98% used [0x00000000eb280000,0x00000000eb479c68,0x00000000eb480000)
  to   space 2560K, 0% used [0x00000000eb980000,0x00000000eb980000,0x00000000ebc00000)
 ParOldGen       total 61952K, used 1655K [0x00000000c0000000, 0x00000000c3c80000, 0x00000000eab00000)
  object space 61952K, 2% used [0x00000000c0000000,0x00000000c019df58,0x00000000c3c80000)
 Metaspace       used 5781K, capacity 6832K, committed 7040K, reserved 1056768K
  class space    used 593K, capacity 616K, committed 640K, reserved 1048576K
Event: 4.951 GC heap after
Heap after GC invocations=10 (full 0):
 PSYoungGen      total 14336K, used 2464K [0x00000000eab00000, 0x00000000ebd00000, 0x0000000100000000)
  eden space 11776K, 0% used [0x00000000eab00000,0x00000000eab00000,0x00000000eb680000)
  from space 2560K, 96% used [0x00000000eb980000,0x00000000ebbe8000,0x00000000ebc00000)
  to   space 3072K, 0% used [0x00000000eb680000,0x00000000eb680000,0x00000000eb980000)
 ParOldGen       total 61952K, used 2585K [0x00000000c0000000, 0x00000000c3c80000, 0x00000000eab00000)
  object space 61952K, 4% used [0x00000000c0000000,0x00000000c0286618,0x00000000c3c80000)
 Metaspace       used 5781K, capacity 6832K, committed 7040K, reserved 1056768K
  class space    used 593K, capacity 616K, committed 640K, reserved 1048576K
}
Event: 5.871 GC heap before
{Heap before GC invocations=11 (full 0):
 PSYoungGen      total 14336K, used 14240K [0x00000000eab00000, 0x00000000ebd00000, 0x0000000100000000)
  eden space 11776K, 100% used [0x00000000eab00000,0x00000000eb680000,0x00000000eb680000)
  from space 2560K, 96% used [0x00000000eb980000,0x00000000ebbe8000,0x00000000ebc00000)
  to   space 3072K, 0% used [0x00000000eb680000,0x00000000eb680000,0x00000000eb980000)
 ParOldGen       total 61952K, used 2585K [0x00000000c0000000, 0x00000000c3c80000, 0x00000000eab00000)
  object space 61952K, 4% used [0x00000000c0000000,0x00000000c0286618,0x00000000c3c80000)
 Metaspace       used 5838K, capacity 6896K, committed 7040K, reserved 1056768K
  class space    used 593K, capacity 616K, committed 640K, reserved 1048576K
Event: 5.912 GC heap after
Heap after GC invocations=11 (full 0):
 PSYoungGen      total 14848K, used 2125K [0x00000000eab00000, 0x00000000ec380000, 0x0000000100000000)
  eden space 11776K, 0% used [0x00000000eab00000,0x00000000eab00000,0x00000000eb680000)
  from space 3072K, 69% used [0x00000000eb680000,0x00000000eb893620,0x00000000eb980000)
  to   space 3072K, 0% used [0x00000000ec080000,0x00000000ec080000,0x00000000ec380000)
 ParOldGen       total 61952K, used 4837K [0x00000000c0000000, 0x00000000c3c80000, 0x00000000eab00000)
  object space 61952K, 7% used [0x00000000c0000000,0x00000000c04b9640,0x00000000c3c80000)
 Metaspace       used 5838K, capacity 6896K, committed 7040K, reserved 1056768K
  class space    used 593K, capacity 616K, committed 640K, reserved 1048576K
}
Event: 6.535 GC heap before
{Heap before GC invocations=12 (full 0):
 PSYoungGen      total 14848K, used 13901K [0x00000000eab00000, 0x00000000ec380000, 0x0000000100000000)
  eden space 11776K, 100% used [0x00000000eab00000,0x00000000eb680000,0x00000000eb680000)
  from space 3072K, 69% used [0x00000000eb680000,0x00000000eb893620,0x00000000eb980000)
  to   space 3072K, 0% used [0x00000000ec080000,0x00000000ec080000,0x00000000ec380000)
 ParOldGen       total 61952K, used 4837K [0x00000000c0000000, 0x00000000c3c80000, 0x00000000eab00000)
  object space 61952K, 7% used [0x00000000c0000000,0x00000000c04b9640,0x00000000c3c80000)
 Metaspace       used 5872K, capacity 6896K, committed 7040K, reserved 1056768K
  class space    used 593K, capacity 616K, committed 640K, reserved 1048576K
Event: 6.976 GC heap after
Heap after GC invocations=12 (full 0):
 PSYoungGen      total 22016K, used 1728K [0x00000000eab00000, 0x00000000ec380000, 0x0000000100000000)
  eden space 18944K, 0% used [0x00000000eab00000,0x00000000eab00000,0x00000000ebd80000)
  from space 3072K, 56% used [0x00000000ec080000,0x00000000ec230000,0x00000000ec380000)
  to   space 3072K, 0% used [0x00000000ebd80000,0x00000000ebd80000,0x00000000ec080000)
 ParOldGen       total 61952K, used 6671K [0x00000000c0000000, 0x00000000c3c80000, 0x00000000eab00000)
  object space 61952K, 10% used [0x00000000c0000000,0x00000000c0683fb8,0x00000000c3c80000)
 Metaspace       used 5872K, capacity 6896K, committed 7040K, reserved 1056768K
  class space    used 593K, capacity 616K, committed 640K, reserved 1048576K
}
Event: 10.368 GC heap before
{Heap before GC invocations=13 (full 0):
 PSYoungGen      total 22016K, used 20672K [0x00000000eab00000, 0x00000000ec380000, 0x0000000100000000)
  eden space 18944K, 100% used [0x00000000eab00000,0x00000000ebd80000,0x00000000ebd80000)
  from space 3072K, 56% used [0x00000000ec080000,0x00000000ec230000,0x00000000ec380000)
  to   space 3072K, 0% used [0x00000000ebd80000,0x00000000ebd80000,0x00000000ec080000)
 ParOldGen       total 61952K, used 6671K [0x00000000c0000000, 0x00000000c3c80000, 0x00000000eab00000)
  object space 61952K, 10% used [0x00000000c0000000,0x00000000c0683fb8,0x00000000c3c80000)
 Metaspace       used 5936K, capacity 6960K, committed 7040K, reserved 1056768K
  class space    used 594K, capacity 616K, committed 640K, reserved 1048576K
Event: 10.849 GC heap after
Heap after GC invocations=13 (full 0):
 PSYoungGen      total 22016K, used 2980K [0x00000000eab00000, 0x00000000ed000000, 0x0000000100000000)
  eden space 18944K, 0% used [0x00000000eab00000,0x00000000eab00000,0x00000000ebd80000)
  from space 3072K, 97% used [0x00000000ebd80000,0x00000000ec069298,0x00000000ec080000)
  to   space 3584K, 0% used [0x00000000ecc80000,0x00000000ecc80000,0x00000000ed000000)
 ParOldGen       total 61952K, used 8284K [0x00000000c0000000, 0x00000000c3c80000, 0x00000000eab00000)
  object space 61952K, 13% used [0x00000000c0000000,0x00000000c0817130,0x00000000c3c80000)
 Metaspace       used 5936K, capacity 6960K, committed 7040K, reserved 1056768K
  class space    used 594K, capacity 616K, committed 640K, reserved 1048576K
}

Deoptimization events (10 events):
Event: 10.318 Thread 0x0000000057136800 Uncommon trap: reason=bimorphic action=maybe_recompile pc=0x0000000002e41f18 method=com.android.dx.cf.code.RopperMachine.run(Lcom/android/dx/cf/code/Frame;II)V @ 988
Event: 10.318 Thread 0x0000000057136800 Uncommon trap: reason=bimorphic action=maybe_recompile pc=0x0000000002e41f18 method=com.android.dx.cf.code.RopperMachine.run(Lcom/android/dx/cf/code/Frame;II)V @ 988
Event: 10.321 Thread 0x0000000057136800 Uncommon trap: reason=bimorphic action=maybe_recompile pc=0x0000000002dd99b0 method=com.android.dx.ssa.SCCP.setLatticeValueTo(IILcom/android/dx/rop/cst/Constant;)Z @ 43
Event: 10.321 Thread 0x0000000057136800 Uncommon trap: reason=bimorphic action=maybe_recompile pc=0x0000000002dd99b0 method=com.android.dx.ssa.SCCP.setLatticeValueTo(IILcom/android/dx/rop/cst/Constant;)Z @ 43
Event: 10.321 Thread 0x0000000057136800 Uncommon trap: reason=bimorphic action=maybe_recompile pc=0x0000000002dd99b0 method=com.android.dx.ssa.SCCP.setLatticeValueTo(IILcom/android/dx/rop/cst/Constant;)Z @ 43
Event: 10.324 Thread 0x0000000057136800 Uncommon trap: reason=bimorphic action=maybe_recompile pc=0x0000000002dd99b0 method=com.android.dx.ssa.SCCP.setLatticeValueTo(IILcom/android/dx/rop/cst/Constant;)Z @ 43
Event: 10.855 Thread 0x0000000057136800 Uncommon trap: reason=class_check action=maybe_recompile pc=0x0000000002d71da0 method=com.android.dx.rop.code.RegisterSpec.withSimpleType()Lcom/android/dx/rop/code/RegisterSpec; @ 21
Event: 10.857 Thread 0x0000000057136800 Uncommon trap: reason=class_check action=maybe_recompile pc=0x0000000002d71da0 method=com.android.dx.rop.code.RegisterSpec.withSimpleType()Lcom/android/dx/rop/code/RegisterSpec; @ 21
Event: 12.226 Thread 0x0000000057136800 Uncommon trap: reason=class_check action=maybe_recompile pc=0x0000000002e8a120 method=com.android.dx.cf.code.Ropper.processBlock(Lcom/android/dx/cf/code/ByteBlock;Lcom/android/dx/cf/code/Frame;[I)V @ 777
Event: 12.231 Thread 0x0000000057136800 Uncommon trap: reason=class_check action=maybe_recompile pc=0x0000000002e8a120 method=com.android.dx.cf.code.Ropper.processBlock(Lcom/android/dx/cf/code/ByteBlock;Lcom/android/dx/cf/code/Frame;[I)V @ 777

Internal exceptions (10 events):
Event: 1.798 Thread 0x00000000021ff000 Exception <a 'java/security/PrivilegedActionException'> (0x00000000eab25f10) thrown at [C:\re\workspace\8-2-build-windows-amd64-cygwin\jdk8u11\648\hotspot\src\share\vm\prims\jvm.cpp, line 1248]
Event: 1.893 Thread 0x0000000057132000 Exception <a 'java/security/PrivilegedActionException'> (0x00000000eadd72f8) thrown at [C:\re\workspace\8-2-build-windows-amd64-cygwin\jdk8u11\648\hotspot\src\share\vm\prims\jvm.cpp, line 1248]
Event: 1.904 Thread 0x0000000057132000 Exception <a 'java/security/PrivilegedActionException'> (0x00000000eae30f68) thrown at [C:\re\workspace\8-2-build-windows-amd64-cygwin\jdk8u11\648\hotspot\src\share\vm\prims\jvm.cpp, line 1248]
Event: 1.988 Thread 0x0000000057132000 Exception <a 'java/security/PrivilegedActionException'> (0x00000000eaea8868) thrown at [C:\re\workspace\8-2-build-windows-amd64-cygwin\jdk8u11\648\hotspot\src\share\vm\prims\jvm.cpp, line 1248]
Event: 1.994 Thread 0x0000000057133000 Exception <a 'java/security/PrivilegedActionException'> (0x00000000eaed2f90) thrown at [C:\re\workspace\8-2-build-windows-amd64-cygwin\jdk8u11\648\hotspot\src\share\vm\prims\jvm.cpp, line 1248]
Event: 2.523 Thread 0x0000000057132000 Exception <a 'java/security/PrivilegedActionException'> (0x00000000eac6c0d8) thrown at [C:\re\workspace\8-2-build-windows-amd64-cygwin\jdk8u11\648\hotspot\src\share\vm\prims\jvm.cpp, line 1248]
Event: 2.723 Thread 0x0000000057133000 Exception <a 'java/security/PrivilegedActionException'> (0x00000000eafe5c98) thrown at [C:\re\workspace\8-2-build-windows-amd64-cygwin\jdk8u11\648\hotspot\src\share\vm\prims\jvm.cpp, line 1248]
Event: 4.384 Thread 0x0000000057136800 Exception <a 'java/security/PrivilegedActionException'> (0x00000000eb04cb28) thrown at [C:\re\workspace\8-2-build-windows-amd64-cygwin\jdk8u11\648\hotspot\src\share\vm\prims\jvm.cpp, line 1248]
Event: 8.171 Thread 0x00000000021ff000 Exception <a 'java/security/PrivilegedActionException'> (0x00000000eaf22ef8) thrown at [C:\re\workspace\8-2-build-windows-amd64-cygwin\jdk8u11\648\hotspot\src\share\vm\prims\jvm.cpp, line 1248]
Event: 8.879 Thread 0x0000000057136800 Exception <a 'java/security/PrivilegedActionException'> (0x00000000eb3fc148) thrown at [C:\re\workspace\8-2-build-windows-amd64-cygwin\jdk8u11\648\hotspot\src\share\vm\prims\jvm.cpp, line 1248]

Events (10 events):
Event: 10.855 Thread 0x0000000057136800 DEOPT UNPACKING pc=0x00000000027a73ef sp=0x000000005808e668 mode 2
Event: 10.857 Thread 0x0000000057136800 Uncommon trap: trap_request=0xffffffde fr.pc=0x0000000002d71da0
Event: 10.857 Thread 0x0000000057136800 DEOPT PACKING pc=0x0000000002d71da0 sp=0x000000005808e670
Event: 10.857 Thread 0x0000000057136800 DEOPT UNPACKING pc=0x00000000027a73ef sp=0x000000005808e5b8 mode 2
Event: 12.226 Thread 0x0000000057136800 Uncommon trap: trap_request=0xffffffde fr.pc=0x0000000002e8a120
Event: 12.226 Thread 0x0000000057136800 DEOPT PACKING pc=0x0000000002e8a120 sp=0x000000005808e810
Event: 12.226 Thread 0x0000000057136800 DEOPT UNPACKING pc=0x00000000027a73ef sp=0x000000005808e7b8 mode 2
Event: 12.231 Thread 0x0000000057136800 Uncommon trap: trap_request=0xffffffde fr.pc=0x0000000002e8a120
Event: 12.231 Thread 0x0000000057136800 DEOPT PACKING pc=0x0000000002e8a120 sp=0x000000005808e810
Event: 12.231 Thread 0x0000000057136800 DEOPT UNPACKING pc=0x00000000027a73ef sp=0x000000005808e7b8 mode 2


Dynamic libraries:
0x000000013fa80000 - 0x000000013fab4000 	C:\Program Files\Java\jdk1.8.0_11\bin\java.exe
0x0000000077c50000 - 0x0000000077df8000 	C:\Windows\SYSTEM32\ntdll.dll
0x0000000077a30000 - 0x0000000077b4f000 	C:\Windows\system32\kernel32.dll
0x000007fefdaf0000 - 0x000007fefdb5c000 	C:\Windows\system32\KERNELBASE.dll
0x000007fefe440000 - 0x000007fefe51b000 	C:\Windows\system32\ADVAPI32.dll
0x000007fefe3a0000 - 0x000007fefe43f000 	C:\Windows\system32\msvcrt.dll
0x000007fefef50000 - 0x000007fefef6f000 	C:\Windows\SYSTEM32\sechost.dll
0x000007fefe520000 - 0x000007fefe64d000 	C:\Windows\system32\RPCRT4.dll
0x0000000077b50000 - 0x0000000077c4a000 	C:\Windows\system32\USER32.dll
0x000007fefe650000 - 0x000007fefe6b7000 	C:\Windows\system32\GDI32.dll
0x000007fefdec0000 - 0x000007fefdece000 	C:\Windows\system32\LPK.dll
0x000007feffe90000 - 0x000007fefff59000 	C:\Windows\system32\USP10.dll
0x000007fefc070000 - 0x000007fefc264000 	C:\Windows\WinSxS\amd64_microsoft.windows.common-controls_6595b64144ccf1df_6.0.7601.18837_none_fa3b1e3d17594757\COMCTL32.dll
0x000007fefde40000 - 0x000007fefdeb1000 	C:\Windows\system32\SHLWAPI.dll
0x000007fefe6c0000 - 0x000007fefe6ee000 	C:\Windows\system32\IMM32.DLL
0x000007fefe0b0000 - 0x000007fefe1b9000 	C:\Windows\system32\MSCTF.dll
0x0000000074a50000 - 0x0000000074b22000 	C:\Program Files\Java\jdk1.8.0_11\jre\bin\msvcr100.dll
0x00000000597d0000 - 0x0000000059ffa000 	C:\Program Files\Java\jdk1.8.0_11\jre\bin\server\jvm.dll
0x000007fef9490000 - 0x000007fef9499000 	C:\Windows\system32\WSOCK32.dll
0x000007fefe350000 - 0x000007fefe39d000 	C:\Windows\system32\WS2_32.dll
0x000007fefef70000 - 0x000007fefef78000 	C:\Windows\system32\NSI.dll
0x000007fefb900000 - 0x000007fefb93b000 	C:\Windows\system32\WINMM.dll
0x0000000077e20000 - 0x0000000077e27000 	C:\Windows\system32\PSAPI.DLL
0x0000000074d50000 - 0x0000000074d5f000 	C:\Program Files\Java\jdk1.8.0_11\jre\bin\verify.dll
0x00000000596c0000 - 0x00000000596e8000 	C:\Program Files\Java\jdk1.8.0_11\jre\bin\java.dll
0x00000000596a0000 - 0x00000000596b6000 	C:\Program Files\Java\jdk1.8.0_11\jre\bin\zip.dll
0x000007feff100000 - 0x000007feffe89000 	C:\Windows\system32\SHELL32.dll
0x000007fefea40000 - 0x000007fefec43000 	C:\Windows\system32\ole32.dll
0x000007fefda00000 - 0x000007fefda0f000 	C:\Windows\system32\profapi.dll

VM Arguments:
jvm_args: -Djava.awt.headless=true -Xmx1024M -Dfile.encoding=windows-1252 -Duser.country=US -Duser.language=en -Duser.variant 
java_command: com.android.dx.command.Main --dex --force-jumbo --num-threads=4 --output C:\ORT\prog6\2016\CocosFirst\app\build\intermediates\pre-dexed\debug\com.android.support-appcompat-v7-23.4.0_a89404e1f7fd41c782f1fa6b61fb4ee45c389533.jar C:\ORT\prog6\2016\CocosFirst\app\build\intermediates\exploded-aar\com.android.support\appcompat-v7\23.4.0\jars\classes.jar
java_class_path (initial): C:\Users\Leandro\AppData\Local\Android\sdk\build-tools\23.0.2\lib\dx.jar
Launcher Type: SUN_STANDARD

Environment Variables:
JAVA_HOME=C:\Program Files\Java\jdk1.8.0_11
PATH=C:\Windows\system32;C:\Windows;C:\Windows\System32\Wbem;C:\Windows\System32\WindowsPowerShell\v1.0\;c:\Program Files (x86)\ATI Technologies\ATI.ACE\Core-Static;C:\php\;C:\ProgramData\ComposerSetup\bin;c:\program files\Java\jdk1.8.0_11\bin;C:\Program Files (x86)\Git\bin;C:\Users\Leandro\AppData\Roaming\npm\;c:\Python27;c:\Python34;c:\Python34\scripts;C:\Program Files (x86)\GitExtensions\;C:\Program Files (x86)\Skype\Phone\;C:\Program Files\nodejs\;C:\Users\Leandro\AppData\Local\atom\bin;C:\Users\Leandro\AppData\Roaming\npm;C:\Users\Leandro\AppData\Local\Android\sdk\platform-tools;
USERNAME=Leandro
OS=Windows_NT
PROCESSOR_IDENTIFIER=Intel64 Family 6 Model 37 Stepping 2, GenuineIntel



---------------  S Y S T E M  ---------------

OS: Windows 7 , 64 bit Build 7601 Service Pack 1

CPU:total 4 (2 cores per cpu, 2 threads per core) family 6 model 37 stepping 2, cmov, cx8, fxsr, mmx, sse, sse2, sse3, ssse3, sse4.1, sse4.2, popcnt, aes, clmul, ht, tsc, tscinvbit

Memory: 4k page, physical 4044900k(40212k free), swap 8281068k(5136k free)

vm_info: Java HotSpot(TM) 64-Bit Server VM (25.11-b03) for windows-amd64 JRE (1.8.0_11-b12), built on Jun 16 2014 20:57:32 by "java_re" with MS VC++ 10.0 (VS2010)

time: Mon Sep 12 10:47:29 2016
elapsed time: 13 seconds

