# que posta!!
# There is insufficient memory for the Java Runtime Environment to continue.
# Native memory allocation (malloc) failed to allocate 166096 bytes for Chunk::new
# Possible reasons:
#   The system is out of physical RAM or swap space
#   In 32 bit mode, the process size limit was hit
# Possible solutions:
#   Reduce memory load on the system
#   Increase physical memory or swap space
#   Check if swap backing store is full
#   Use 64 bit Java on a 64 bit OS
#   Decrease Java heap size (-Xmx/-Xms)
#   Decrease number of Java threads
#   Decrease Java thread stack sizes (-Xss)
#   Set larger code cache with -XX:ReservedCodeCacheSize=
# This output file may be truncated or incomplete.
#
#  Out of Memory Error (allocation.cpp:388), pid=1064, tid=6612
#
# JRE version: Java(TM) SE Runtime Environment (8.0_11-b12) (build 1.8.0_11-b12)
# Java VM: Java HotSpot(TM) 64-Bit Server VM (25.11-b03 mixed mode windows-amd64 compressed oops)
# Failed to write core dump. Minidumps are not enabled by default on client versions of Windows
#

---------------  T H R E A D  ---------------

Current thread (0x0000000054fa0000):  JavaThread "C2 CompilerThread1" daemon [_thread_in_native, id=6612, stack(0x0000000056960000,0x0000000056a60000)]

Stack: [0x0000000056960000,0x0000000056a60000]
Native frames: (J=compiled Java code, j=interpreted, Vv=VM code, C=native code)
V  [jvm.dll+0x308eca]


Current CompileTask:
C2:  26492 2023       4       com.android.dx.ssa.LocalVariableExtractor::processBlock (383 bytes)


---------------  P R O C E S S  ---------------

Java Threads: ( => current thread )
  0x0000000056f22800 JavaThread "pool-1-thread-4" [_thread_blocked, id=6608, stack(0x0000000058090000,0x0000000058190000)]
  0x0000000056f1f800 JavaThread "pool-1-thread-3" [_thread_blocked, id=5292, stack(0x0000000057f20000,0x0000000058020000)]
  0x0000000056f8e800 JavaThread "pool-1-thread-2" [_thread_blocked, id=7128, stack(0x0000000057d70000,0x0000000057e70000)]
  0x0000000056f8c800 JavaThread "pool-2-thread-1" [_thread_blocked, id=5340, stack(0x00000000579d0000,0x0000000057ad0000)]
  0x0000000056f8c000 JavaThread "pool-1-thread-1" [_thread_blocked, id=1468, stack(0x0000000057ba0000,0x0000000057ca0000)]
  0x0000000054fa7000 JavaThread "Service Thread" daemon [_thread_blocked, id=6304, stack(0x00000000570d0000,0x00000000571d0000)]
  0x0000000054fa2800 JavaThread "C1 CompilerThread2" daemon [_thread_blocked, id=3924, stack(0x0000000056b40000,0x0000000056c40000)]
=>0x0000000054fa0000 JavaThread "C2 CompilerThread1" daemon [_thread_in_native, id=6612, stack(0x0000000056960000,0x0000000056a60000)]
  0x0000000054f9c000 JavaThread "C2 CompilerThread0" daemon [_thread_blocked, id=6212, stack(0x0000000056790000,0x0000000056890000)]
  0x0000000054fae800 JavaThread "Attach Listener" daemon [_thread_blocked, id=5660, stack(0x0000000056660000,0x0000000056760000)]
  0x0000000054fab800 JavaThread "Signal Dispatcher" daemon [_thread_blocked, id=6948, stack(0x0000000056110000,0x0000000056210000)]
  0x0000000054f46000 JavaThread "Finalizer" daemon [_thread_blocked, id=6164, stack(0x00000000563e0000,0x00000000564e0000)]
  0x0000000054f39000 JavaThread "Reference Handler" daemon [_thread_blocked, id=6276, stack(0x0000000056250000,0x0000000056350000)]
  0x000000000025f000 JavaThread "main" [_thread_blocked, id=6564, stack(0x0000000002250000,0x0000000002350000)]

Other Threads:
  0x0000000054f35800 VMThread [stack: 0x0000000055f70000,0x0000000056070000] [id=6404]
  0x0000000056c43000 WatcherThread [stack: 0x0000000056510000,0x0000000056610000] [id=5096]

VM state:not at safepoint (normal execution)

VM Mutex/Monitor currently owned by a thread: None

Heap:
 PSYoungGen      total 54784K, used 6916K [0x00000000eab00000, 0x00000000f0000000, 0x0000000100000000)
  eden space 48128K, 0% used [0x00000000eab00000,0x00000000eab44c88,0x00000000eda00000)
  from space 6656K, 99% used [0x00000000eda00000,0x00000000ee07c5b8,0x00000000ee080000)
  to   space 9728K, 0% used [0x00000000ef680000,0x00000000ef680000,0x00000000f0000000)
 ParOldGen       total 61952K, used 23941K [0x00000000c0000000, 0x00000000c3c80000, 0x00000000eab00000)
  object space 61952K, 38% used [0x00000000c0000000,0x00000000c1761648,0x00000000c3c80000)
 Metaspace       used 6079K, capacity 7000K, committed 7168K, reserved 1056768K
  class space    used 615K, capacity 656K, committed 768K, reserved 1048576K

Card table byte_map: [0x00000000119e0000,0x0000000011bf0000] byte_map_base: 0x00000000113e0000

Marking Bits: (ParMarkBitMap*) 0x0000000059f812b0
 Begin Bits: [0x00000000123b0000, 0x00000000133b0000)
 End Bits:   [0x00000000133b0000, 0x00000000143b0000)

Polling page: 0x0000000000230000

CodeCache: size=245760Kb used=9181Kb max_used=9227Kb free=236578Kb
 bounds [0x0000000002620000, 0x0000000002f40000, 0x0000000011620000]
 total_blobs=2178 nmethods=1915 adapters=178
 compilation: enabled

Compilation events (10 events):
Event: 25.316 Thread 0x0000000054f9c000 nmethod 1962 0x0000000002ee8d10 code [0x0000000002ee8ea0, 0x0000000002ee9448]
Event: 25.316 Thread 0x0000000054f9c000 1982       4       com.android.dx.rop.code.BasicBlockList::getInstructionCount (48 bytes)
Event: 25.321 Thread 0x0000000054f9c000 nmethod 1982 0x0000000002efbed0 code [0x0000000002efc020, 0x0000000002efc1f8]
Event: 25.321 Thread 0x0000000054f9c000 1978       4       com.android.dx.ssa.SsaConverter::edgeSplitSuccessors (98 bytes)
Event: 25.547 Thread 0x0000000054f9c000 nmethod 1978 0x0000000002f0c450 code [0x0000000002f0c780, 0x0000000002f0f530]
Event: 25.547 Thread 0x0000000054f9c000 1961       4       com.android.dx.ssa.back.FirstFitLocalCombiningAllocator::handleNormalUnassociated (99 bytes)
Event: 25.555 Thread 0x0000000054fa2800 2021       3       com.android.dx.util.ByteArray::getShort (25 bytes)
Event: 25.556 Thread 0x0000000054fa2800 nmethod 2021 0x0000000002eec550 code [0x0000000002eec6c0, 0x0000000002eec988]
Event: 26.374 Thread 0x0000000054fa0000 nmethod 2011 0x0000000002f1d310 code [0x0000000002f1ece0, 0x0000000002f28350]
Event: 26.375 Thread 0x0000000054fa0000 2023       4       com.android.dx.ssa.LocalVariableExtractor::processBlock (383 bytes)

GC Heap History (10 events):
Event: 16.743 GC heap before
{Heap before GC invocations=13 (full 0):
 PSYoungGen      total 22016K, used 20672K [0x00000000eab00000, 0x00000000ec380000, 0x0000000100000000)
  eden space 18944K, 100% used [0x00000000eab00000,0x00000000ebd80000,0x00000000ebd80000)
  from space 3072K, 56% used [0x00000000ec080000,0x00000000ec230000,0x00000000ec380000)
  to   space 3072K, 0% used [0x00000000ebd80000,0x00000000ebd80000,0x00000000ec080000)
 ParOldGen       total 61952K, used 6815K [0x00000000c0000000, 0x00000000c3c80000, 0x00000000eab00000)
  object space 61952K, 11% used [0x00000000c0000000,0x00000000c06a7d78,0x00000000c3c80000)
 Metaspace       used 5925K, capacity 6960K, committed 7040K, reserved 1056768K
  class space    used 593K, capacity 616K, committed 640K, reserved 1048576K
Event: 17.118 GC heap after
Heap after GC invocations=13 (full 0):
 PSYoungGen      total 22016K, used 2972K [0x00000000eab00000, 0x00000000ed000000, 0x0000000100000000)
  eden space 18944K, 0% used [0x00000000eab00000,0x00000000eab00000,0x00000000ebd80000)
  from space 3072K, 96% used [0x00000000ebd80000,0x00000000ec067140,0x00000000ec080000)
  to   space 3584K, 0% used [0x00000000ecc80000,0x00000000ecc80000,0x00000000ed000000)
 ParOldGen       total 61952K, used 8487K [0x00000000c0000000, 0x00000000c3c80000, 0x00000000eab00000)
  object space 61952K, 13% used [0x00000000c0000000,0x00000000c0849d78,0x00000000c3c80000)
 Metaspace       used 5925K, capacity 6960K, committed 7040K, reserved 1056768K
  class space    used 593K, capacity 616K, committed 640K, reserved 1048576K
}
Event: 18.212 GC heap before
{Heap before GC invocations=14 (full 0):
 PSYoungGen      total 22016K, used 21916K [0x00000000eab00000, 0x00000000ed000000, 0x0000000100000000)
  eden space 18944K, 100% used [0x00000000eab00000,0x00000000ebd80000,0x00000000ebd80000)
  from space 3072K, 96% used [0x00000000ebd80000,0x00000000ec067140,0x00000000ec080000)
  to   space 3584K, 0% used [0x00000000ecc80000,0x00000000ecc80000,0x00000000ed000000)
 ParOldGen       total 61952K, used 8487K [0x00000000c0000000, 0x00000000c3c80000, 0x00000000eab00000)
  object space 61952K, 13% used [0x00000000c0000000,0x00000000c0849d78,0x00000000c3c80000)
 Metaspace       used 5950K, capacity 6960K, committed 7040K, reserved 1056768K
  class space    used 593K, capacity 616K, committed 640K, reserved 1048576K
Event: 18.286 GC heap after
Heap after GC invocations=14 (full 0):
 PSYoungGen      total 33792K, used 2896K [0x00000000eab00000, 0x00000000ed100000, 0x0000000100000000)
  eden space 30208K, 0% used [0x00000000eab00000,0x00000000eab00000,0x00000000ec880000)
  from space 3584K, 80% used [0x00000000ecc80000,0x00000000ecf54010,0x00000000ed000000)
  to   space 4096K, 0% used [0x00000000ec880000,0x00000000ec880000,0x00000000ecc80000)
 ParOldGen       total 61952K, used 11242K [0x00000000c0000000, 0x00000000c3c80000, 0x00000000eab00000)
  object space 61952K, 18% used [0x00000000c0000000,0x00000000c0afa908,0x00000000c3c80000)
 Metaspace       used 5950K, capacity 6960K, committed 7040K, reserved 1056768K
  class space    used 593K, capacity 616K, committed 640K, reserved 1048576K
}
Event: 18.602 GC heap before
{Heap before GC invocations=15 (full 0):
 PSYoungGen      total 33792K, used 33104K [0x00000000eab00000, 0x00000000ed100000, 0x0000000100000000)
  eden space 30208K, 100% used [0x00000000eab00000,0x00000000ec880000,0x00000000ec880000)
  from space 3584K, 80% used [0x00000000ecc80000,0x00000000ecf54010,0x00000000ed000000)
  to   space 4096K, 0% used [0x00000000ec880000,0x00000000ec880000,0x00000000ecc80000)
 ParOldGen       total 61952K, used 11242K [0x00000000c0000000, 0x00000000c3c80000, 0x00000000eab00000)
  object space 61952K, 18% used [0x00000000c0000000,0x00000000c0afa908,0x00000000c3c80000)
 Metaspace       used 5964K, capacity 6960K, committed 7040K, reserved 1056768K
  class space    used 593K, capacity 616K, committed 640K, reserved 1048576K
Event: 18.672 GC heap after
Heap after GC invocations=15 (full 0):
 PSYoungGen      total 34304K, used 4076K [0x00000000eab00000, 0x00000000ee680000, 0x0000000100000000)
  eden space 30208K, 0% used [0x00000000eab00000,0x00000000eab00000,0x00000000ec880000)
  from space 4096K, 99% used [0x00000000ec880000,0x00000000ecc7b0f0,0x00000000ecc80000)
  to   space 6144K, 0% used [0x00000000ee080000,0x00000000ee080000,0x00000000ee680000)
 ParOldGen       total 61952K, used 15083K [0x00000000c0000000, 0x00000000c3c80000, 0x00000000eab00000)
  object space 61952K, 24% used [0x00000000c0000000,0x00000000c0ebac70,0x00000000c3c80000)
 Metaspace       used 5964K, capacity 6960K, committed 7040K, reserved 1056768K
  class space    used 593K, capacity 616K, committed 640K, reserved 1048576K
}
Event: 20.641 GC heap before
{Heap before GC invocations=16 (full 0):
 PSYoungGen      total 34304K, used 34284K [0x00000000eab00000, 0x00000000ee680000, 0x0000000100000000)
  eden space 30208K, 100% used [0x00000000eab00000,0x00000000ec880000,0x00000000ec880000)
  from space 4096K, 99% used [0x00000000ec880000,0x00000000ecc7b0f0,0x00000000ecc80000)
  to   space 6144K, 0% used [0x00000000ee080000,0x00000000ee080000,0x00000000ee680000)
 ParOldGen       total 61952K, used 15083K [0x00000000c0000000, 0x00000000c3c80000, 0x00000000eab00000)
  object space 61952K, 24% used [0x00000000c0000000,0x00000000c0ebac70,0x00000000c3c80000)
 Metaspace       used 5967K, capacity 6960K, committed 7040K, reserved 1056768K
  class space    used 594K, capacity 616K, committed 640K, reserved 1048576K
Event: 20.778 GC heap after
Heap after GC invocations=16 (full 0):
 PSYoungGen      total 54272K, used 4372K [0x00000000eab00000, 0x00000000ee780000, 0x0000000100000000)
  eden space 48128K, 0% used [0x00000000eab00000,0x00000000eab00000,0x00000000eda00000)
  from space 6144K, 71% used [0x00000000ee080000,0x00000000ee4c50c8,0x00000000ee680000)
  to   space 6656K, 0% used [0x00000000eda00000,0x00000000eda00000,0x00000000ee080000)
 ParOldGen       total 61952K, used 18994K [0x00000000c0000000, 0x00000000c3c80000, 0x00000000eab00000)
  object space 61952K, 30% used [0x00000000c0000000,0x00000000c128ca18,0x00000000c3c80000)
 Metaspace       used 5967K, capacity 6960K, committed 7040K, reserved 1056768K
  class space    used 594K, capacity 616K, committed 640K, reserved 1048576K
}
Event: 25.728 GC heap before
{Heap before GC invocations=17 (full 0):
 PSYoungGen      total 54272K, used 52500K [0x00000000eab00000, 0x00000000ee780000, 0x0000000100000000)
  eden space 48128K, 100% used [0x00000000eab00000,0x00000000eda00000,0x00000000eda00000)
  from space 6144K, 71% used [0x00000000ee080000,0x00000000ee4c50c8,0x00000000ee680000)
  to   space 6656K, 0% used [0x00000000eda00000,0x00000000eda00000,0x00000000ee080000)
 ParOldGen       total 61952K, used 18994K [0x00000000c0000000, 0x00000000c3c80000, 0x00000000eab00000)
  object space 61952K, 30% used [0x00000000c0000000,0x00000000c128ca18,0x00000000c3c80000)
 Metaspace       used 6079K, capacity 7000K, committed 7168K, reserved 1056768K
  class space    used 615K, capacity 656K, committed 768K, reserved 1048576K
Event: 26.298 GC heap after
Heap after GC invocations=17 (full 0):
 PSYoungGen      total 54784K, used 6641K [0x00000000eab00000, 0x00000000f0000000, 0x0000000100000000)
  eden space 48128K, 0% used [0x00000000eab00000,0x00000000eab00000,0x00000000eda00000)
  from space 6656K, 99% used [0x00000000eda00000,0x00000000ee07c5b8,0x00000000ee080000)
  to   space 9728K, 0% used [0x00000000ef680000,0x00000000ef680000,0x00000000f0000000)
 ParOldGen       total 61952K, used 23941K [0x00000000c0000000, 0x00000000c3c80000, 0x00000000eab00000)
  object space 61952K, 38% used [0x00000000c0000000,0x00000000c1761648,0x00000000c3c80000)
 Metaspace       used 6079K, capacity 7000K, committed 7168K, reserved 1056768K
  class space    used 615K, capacity 656K, committed 768K, reserved 1048576K
}

Deoptimization events (10 events):
Event: 23.204 Thread 0x0000000056f22800 Uncommon trap: reason=unreached action=reinterpret pc=0x0000000002d1ded0 method=java.util.HashMap.getNode(ILjava/lang/Object;)Ljava/util/HashMap$Node; @ 84
Event: 23.206 Thread 0x0000000056f22800 Uncommon trap: reason=unreached action=reinterpret pc=0x0000000002cfce24 method=java.util.HashMap.getNode(ILjava/lang/Object;)Ljava/util/HashMap$Node; @ 84
Event: 24.786 Thread 0x0000000056f8c000 Uncommon trap: reason=bimorphic action=maybe_recompile pc=0x0000000002ddee74 method=com.android.dx.ssa.LiteralOpUpgrader.tryReplacingWithConstant(Lcom/android/dx/ssa/NormalSsaInsn;)Z @ 62
Event: 24.803 Thread 0x0000000056f8c000 Uncommon trap: reason=class_check action=maybe_recompile pc=0x0000000002e27e10 method=com.android.dx.ssa.SCCP.replaceConstants()V @ 182
Event: 24.810 Thread 0x0000000056f8c000 Uncommon trap: reason=class_check action=maybe_recompile pc=0x0000000002e27e10 method=com.android.dx.ssa.SCCP.replaceConstants()V @ 182
Event: 24.847 Thread 0x0000000056f8c000 Uncommon trap: reason=class_check action=maybe_recompile pc=0x0000000002e90c7c method=com.android.dx.cf.code.Simulator$SimVisitor.visitConstant(IIILcom/android/dx/rop/cst/Constant;I)V @ 131
Event: 24.854 Thread 0x0000000056f8c000 Uncommon trap: reason=class_check action=maybe_recompile pc=0x0000000002e90c7c method=com.android.dx.cf.code.Simulator$SimVisitor.visitConstant(IIILcom/android/dx/rop/cst/Constant;I)V @ 131
Event: 24.912 Thread 0x0000000056f8c000 Uncommon trap: reason=bimorphic action=maybe_recompile pc=0x0000000002dacf04 method=com.android.dx.cf.code.BytecodeArray.parseInstruction(ILcom/android/dx/cf/code/BytecodeArray$Visitor;)I @ 1130
Event: 24.912 Thread 0x0000000056f8c000 Uncommon trap: reason=bimorphic action=maybe_recompile pc=0x0000000002dacf04 method=com.android.dx.cf.code.BytecodeArray.parseInstruction(ILcom/android/dx/cf/code/BytecodeArray$Visitor;)I @ 1130
Event: 25.008 Thread 0x0000000056f8e800 Uncommon trap: reason=bimorphic action=maybe_recompile pc=0x0000000002ddee74 method=com.android.dx.ssa.LiteralOpUpgrader.tryReplacingWithConstant(Lcom/android/dx/ssa/NormalSsaInsn;)Z @ 62

Internal exceptions (10 events):
Event: 8.829 Thread 0x0000000056f8e800 Exception <a 'java/security/PrivilegedActionException'> (0x00000000eae7bd50) thrown at [C:\re\workspace\8-2-build-windows-amd64-cygwin\jdk8u11\648\hotspot\src\share\vm\prims\jvm.cpp, line 1248]
Event: 9.216 Thread 0x0000000056f8e800 Exception <a 'java/security/PrivilegedActionException'> (0x00000000eb081b68) thrown at [C:\re\workspace\8-2-build-windows-amd64-cygwin\jdk8u11\648\hotspot\src\share\vm\prims\jvm.cpp, line 1248]
Event: 11.611 Thread 0x0000000056f8c000 Exception <a 'java/security/PrivilegedActionException'> (0x00000000eb083ce0) thrown at [C:\re\workspace\8-2-build-windows-amd64-cygwin\jdk8u11\648\hotspot\src\share\vm\prims\jvm.cpp, line 1248]
Event: 13.602 Thread 0x000000000025f000 Exception <a 'java/security/PrivilegedActionException'> (0x00000000eb64dfe8) thrown at [C:\re\workspace\8-2-build-windows-amd64-cygwin\jdk8u11\648\hotspot\src\share\vm\prims\jvm.cpp, line 1248]
Event: 18.440 Thread 0x0000000056f22800 Exception <a 'java/security/PrivilegedActionException'> (0x00000000eb750320) thrown at [C:\re\workspace\8-2-build-windows-amd64-cygwin\jdk8u11\648\hotspot\src\share\vm\prims\jvm.cpp, line 1248]
Event: 20.497 Thread 0x0000000056f8c000 Exception <a 'java/security/PrivilegedActionException'> (0x00000000ebb2b6f0) thrown at [C:\re\workspace\8-2-build-windows-amd64-cygwin\jdk8u11\648\hotspot\src\share\vm\prims\jvm.cpp, line 1248]
Event: 21.636 Thread 0x000000000025f000 Exception <a 'java/security/PrivilegedActionException'> (0x00000000eb2bbb60) thrown at [C:\re\workspace\8-2-build-windows-amd64-cygwin\jdk8u11\648\hotspot\src\share\vm\prims\jvm.cpp, line 1248]
Event: 23.166 Thread 0x0000000056f22800 Exception <a 'java/lang/ArrayIndexOutOfBoundsException': 18> (0x00000000eb715960) thrown at [C:\re\workspace\8-2-build-windows-amd64-cygwin\jdk8u11\648\hotspot\src\share\vm\interpreter\interpreterRuntime.cpp, line 337]
Event: 23.169 Thread 0x0000000056f22800 Exception <a 'java/lang/ArrayIndexOutOfBoundsException': 145> (0x00000000eb7173f8) thrown at [C:\re\workspace\8-2-build-windows-amd64-cygwin\jdk8u11\648\hotspot\src\share\vm\interpreter\interpreterRuntime.cpp, line 337]
Event: 23.180 Thread 0x0000000056f22800 Exception <a 'java/lang/ArrayIndexOutOfBoundsException'> (0x00000000eb718610) thrown at [C:\re\workspace\8-2-build-windows-amd64-cygwin\jdk8u11\648\hotspot\src\share\vm\runtime\sharedRuntime.cpp, line 595]

Events (10 events):
Event: 24.912 Thread 0x0000000056f8c000 DEOPT UNPACKING pc=0x00000000026673ef sp=0x0000000057c9e328 mode 2
Event: 24.925 Thread 0x0000000056f8c000 DEOPT PACKING pc=0x0000000002a66fd8 sp=0x0000000057c9e490
Event: 24.925 Thread 0x0000000056f8c000 DEOPT UNPACKING pc=0x0000000002667204 sp=0x0000000057c9e2c0 mode 0
Event: 25.008 Thread 0x0000000056f8e800 Uncommon trap: trap_request=0xffffffc6 fr.pc=0x0000000002ddee74
Event: 25.008 Thread 0x0000000056f8e800 DEOPT PACKING pc=0x0000000002ddee74 sp=0x0000000057e6e6c0
Event: 25.008 Thread 0x0000000056f8e800 DEOPT UNPACKING pc=0x00000000026673ef sp=0x0000000057e6e660 mode 2
Event: 25.009 Thread 0x0000000056f8c000 DEOPT PACKING pc=0x0000000002ac26cb sp=0x0000000057c9e660
Event: 25.009 Thread 0x0000000056f8c000 DEOPT UNPACKING pc=0x0000000002667204 sp=0x0000000057c9e3b8 mode 0
Event: 25.632 Executing VM operation: ParallelGCFailedAllocation
Event: 26.298 Executing VM operation: ParallelGCFailedAllocation done


Dynamic libraries:
0x000000013fa80000 - 0x000000013fab4000 	C:\Program Files\Java\jdk1.8.0_11\bin\java.exe
0x0000000077c50000 - 0x0000000077df8000 	C:\Windows\SYSTEM32\ntdll.dll
0x0000000077a30000 - 0x0000000077b4f000 	C:\Windows\system32\kernel32.dll
0x000007fefdaf0000 - 0x000007fefdb5c000 	C:\Windows\system32\KERNELBASE.dll
0x000007fefe440000 - 0x000007fefe51b000 	C:\Windows\system32\ADVAPI32.dll
0x000007fefe3a0000 - 0x000007fefe43f000 	C:\Windows\system32\msvcrt.dll
0x000007fefef50000 - 0x000007fefef6f000 	C:\Windows\SYSTEM32\sechost.dll
0x000007fefe520000 - 0x000007fefe64d000 	C:\Windows\system32\RPCRT4.dll
0x0000000077b50000 - 0x0000000077c4a000 	C:\Windows\system32\USER32.dll
0x000007fefe650000 - 0x000007fefe6b7000 	C:\Windows\system32\GDI32.dll
0x000007fefdec0000 - 0x000007fefdece000 	C:\Windows\system32\LPK.dll
0x000007feffe90000 - 0x000007fefff59000 	C:\Windows\system32\USP10.dll
0x000007fefc070000 - 0x000007fefc264000 	C:\Windows\WinSxS\amd64_microsoft.windows.common-controls_6595b64144ccf1df_6.0.7601.18837_none_fa3b1e3d17594757\COMCTL32.dll
0x000007fefde40000 - 0x000007fefdeb1000 	C:\Windows\system32\SHLWAPI.dll
0x000007fefe6c0000 - 0x000007fefe6ee000 	C:\Windows\system32\IMM32.DLL
0x000007fefe0b0000 - 0x000007fefe1b9000 	C:\Windows\system32\MSCTF.dll
0x0000000074a50000 - 0x0000000074b22000 	C:\Program Files\Java\jdk1.8.0_11\jre\bin\msvcr100.dll
0x00000000597d0000 - 0x0000000059ffa000 	C:\Program Files\Java\jdk1.8.0_11\jre\bin\server\jvm.dll
0x000007fef9490000 - 0x000007fef9499000 	C:\Windows\system32\WSOCK32.dll
0x000007fefe350000 - 0x000007fefe39d000 	C:\Windows\system32\WS2_32.dll
0x000007fefef70000 - 0x000007fefef78000 	C:\Windows\system32\NSI.dll
0x000007fefb900000 - 0x000007fefb93b000 	C:\Windows\system32\WINMM.dll
0x0000000077e20000 - 0x0000000077e27000 	C:\Windows\system32\PSAPI.DLL
0x0000000074d50000 - 0x0000000074d5f000 	C:\Program Files\Java\jdk1.8.0_11\jre\bin\verify.dll
0x00000000596c0000 - 0x00000000596e8000 	C:\Program Files\Java\jdk1.8.0_11\jre\bin\java.dll
0x00000000596a0000 - 0x00000000596b6000 	C:\Program Files\Java\jdk1.8.0_11\jre\bin\zip.dll
0x000007feff100000 - 0x000007feffe89000 	C:\Windows\system32\SHELL32.dll
0x000007fefea40000 - 0x000007fefec43000 	C:\Windows\system32\ole32.dll
0x000007fefda00000 - 0x000007fefda0f000 	C:\Windows\system32\profapi.dll

VM Arguments:
jvm_args: -Djava.awt.headless=true -Xmx1024M -Dfile.encoding=windows-1252 -Duser.country=US -Duser.language=en -Duser.variant 
java_command: com.android.dx.command.Main --dex --force-jumbo --num-threads=4 --output C:\ORT\prog6\2016\CocosFirst\app\build\intermediates\pre-dexed\debug\com.android.support-appcompat-v7-23.4.0_a89404e1f7fd41c782f1fa6b61fb4ee45c389533.jar C:\ORT\prog6\2016\CocosFirst\app\build\intermediates\exploded-aar\com.android.support\appcompat-v7\23.4.0\jars\classes.jar
java_class_path (initial): C:\Users\Leandro\AppData\Local\Android\sdk\build-tools\23.0.2\lib\dx.jar
Launcher Type: SUN_STANDARD

Environment Variables:
JAVA_HOME=C:\Program Files\Java\jdk1.8.0_11
PATH=C:\Windows\system32;C:\Windows;C:\Windows\System32\Wbem;C:\Windows\System32\WindowsPowerShell\v1.0\;c:\Program Files (x86)\ATI Technologies\ATI.ACE\Core-Static;C:\php\;C:\ProgramData\ComposerSetup\bin;c:\program files\Java\jdk1.8.0_11\bin;C:\Program Files (x86)\Git\bin;C:\Users\Leandro\AppData\Roaming\npm\;c:\Python27;c:\Python34;c:\Python34\scripts;C:\Program Files (x86)\GitExtensions\;C:\Program Files (x86)\Skype\Phone\;C:\Program Files\nodejs\;C:\Users\Leandro\AppData\Local\atom\bin;C:\Users\Leandro\AppData\Roaming\npm;C:\Users\Leandro\AppData\Local\Android\sdk\platform-tools;
USERNAME=Leandro
OS=Windows_NT
PROCESSOR_IDENTIFIER=Intel64 Family 6 Model 37 Stepping 2, GenuineIntel



---------------  S Y S T E M  ---------------

OS: Windows 7 , 64 bit Build 7601 Service Pack 1

CPU:total 4 (2 cores per cpu, 2 threads per core) family 6 model 37 stepping 2, cmov, cx8, fxsr, mmx, sse, sse2, sse3, ssse3, sse4.1, sse4.2, popcnt, aes, clmul, ht, tsc, tscinvbit

Memory: 4k page, physical 4044900k(32688k free), swap 8281068k(5188k free)

vm_info: Java HotSpot(TM) 64-Bit Server VM (25.11-b03) for windows-amd64 JRE (1.8.0_11-b12), built on Jun 16 2014 20:57:32 by "java_re" with MS VC++ 10.0 (VS2010)

time: Mon Sep 12 10:43:29 2016
elapsed time: 26 seconds

