#
# There is insufficient memory for the Java Runtime Environment to continue.
# Native memory allocation (malloc) failed to allocate 1774736 bytes for Chunk::new
# Possible reasons:
#   The system is out of physical RAM or swap space
#   In 32 bit mode, the process size limit was hit
# Possible solutions:
#   Reduce memory load on the system
#   Increase physical memory or swap space
#   Check if swap backing store is full
#   Use 64 bit Java on a 64 bit OS
#   Decrease Java heap size (-Xmx/-Xms)
#   Decrease number of Java threads
#   Decrease Java thread stack sizes (-Xss)
#   Set larger code cache with -XX:ReservedCodeCacheSize=
# This output file may be truncated or incomplete.
#
#  Out of Memory Error (allocation.cpp:388), pid=5996, tid=4488
#
# JRE version: Java(TM) SE Runtime Environment (8.0_11-b12) (build 1.8.0_11-b12)
# Java VM: Java HotSpot(TM) 64-Bit Server VM (25.11-b03 mixed mode windows-amd64 compressed oops)
# Failed to write core dump. Minidumps are not enabled by default on client versions of Windows
#

---------------  T H R E A D  ---------------

Current thread (0x000000005521d000):  JavaThread "C2 CompilerThread1" daemon [_thread_in_native, id=4488, stack(0x0000000056a70000,0x0000000056b70000)]

Stack: [0x0000000056a70000,0x0000000056b70000]
Native frames: (J=compiled Java code, j=interpreted, Vv=VM code, C=native code)
V  [jvm.dll+0x308eca]
V  [jvm.dll+0x25e121]
V  [jvm.dll+0x25ed33]
V  [jvm.dll+0x256705]
V  [jvm.dll+0xbd2b5]
V  [jvm.dll+0xbd75c]
V  [jvm.dll+0x44d772]
V  [jvm.dll+0x48e3cf]
V  [jvm.dll+0x442cbe]
V  [jvm.dll+0x4439eb]
V  [jvm.dll+0x427722]
V  [jvm.dll+0x96982]
V  [jvm.dll+0x97173]
V  [jvm.dll+0x2234b4]
V  [jvm.dll+0x27bcca]
C  [msvcr100.dll+0x21d9f]
C  [msvcr100.dll+0x21e3b]
C  [kernel32.dll+0x159cd]
C  [ntdll.dll+0x2b891]


Current CompileTask:
C2:  28104 1932   !   4       com.android.dx.cf.cst.ConstantPoolParser::parse0 (731 bytes)


---------------  P R O C E S S  ---------------

Java Threads: ( => current thread )
  0x00000000570c4800 JavaThread "pool-1-thread-4" [_thread_blocked, id=632, stack(0x0000000058210000,0x0000000058310000)]
  0x00000000570e3000 JavaThread "pool-1-thread-3" [_thread_blocked, id=1716, stack(0x00000000580b0000,0x00000000581b0000)]
  0x00000000570e2000 JavaThread "pool-1-thread-2" [_thread_blocked, id=7016, stack(0x0000000057dd0000,0x0000000057ed0000)]
  0x00000000570e0800 JavaThread "pool-2-thread-1" [_thread_blocked, id=6788, stack(0x0000000057ca0000,0x0000000057da0000)]
  0x00000000570df000 JavaThread "pool-1-thread-1" [_thread_blocked, id=7060, stack(0x0000000057b10000,0x0000000057c10000)]
  0x0000000056e52800 JavaThread "Service Thread" daemon [_thread_blocked, id=6236, stack(0x0000000057210000,0x0000000057310000)]
  0x000000005521f000 JavaThread "C1 CompilerThread2" daemon [_thread_blocked, id=6376, stack(0x0000000056ce0000,0x0000000056de0000)]
=>0x000000005521d000 JavaThread "C2 CompilerThread1" daemon [_thread_in_native, id=4488, stack(0x0000000056a70000,0x0000000056b70000)]
  0x000000005522e800 JavaThread "C2 CompilerThread0" daemon [_thread_blocked, id=6856, stack(0x0000000056840000,0x0000000056940000)]
  0x000000005522d000 JavaThread "Attach Listener" daemon [_thread_blocked, id=516, stack(0x0000000056940000,0x0000000056a40000)]
  0x0000000055229800 JavaThread "Signal Dispatcher" daemon [_thread_blocked, id=6520, stack(0x0000000056540000,0x0000000056640000)]
  0x00000000551be800 JavaThread "Finalizer" daemon [_thread_blocked, id=6852, stack(0x0000000056680000,0x0000000056780000)]
  0x00000000551b9000 JavaThread "Reference Handler" daemon [_thread_blocked, id=2716, stack(0x00000000563f0000,0x00000000564f0000)]
  0x000000000230f000 JavaThread "main" [_thread_blocked, id=5656, stack(0x0000000002350000,0x0000000002450000)]

Other Threads:
  0x00000000551b5800 VMThread [stack: 0x0000000056210000,0x0000000056310000] [id=7012]
  0x0000000056e55800 WatcherThread [stack: 0x0000000056bd0000,0x0000000056cd0000] [id=4348]

VM state:not at safepoint (normal execution)

VM Mutex/Monitor currently owned by a thread: None

Heap:
 PSYoungGen      total 36864K, used 9254K [0x00000000eab00000, 0x00000000eea80000, 0x0000000100000000)
  eden space 32256K, 14% used [0x00000000eab00000,0x00000000eaf91928,0x00000000eca80000)
  from space 4608K, 99% used [0x00000000eca80000,0x00000000ecef8010,0x00000000ecf00000)
  to   space 6656K, 0% used [0x00000000ee400000,0x00000000ee400000,0x00000000eea80000)
 ParOldGen       total 61952K, used 16963K [0x00000000c0000000, 0x00000000c3c80000, 0x00000000eab00000)
  object space 61952K, 27% used [0x00000000c0000000,0x00000000c1090e40,0x00000000c3c80000)
 Metaspace       used 5922K, capacity 6896K, committed 7040K, reserved 1056768K
  class space    used 588K, capacity 616K, committed 640K, reserved 1048576K

Card table byte_map: [0x0000000011bd0000,0x0000000011de0000] byte_map_base: 0x00000000115d0000

Marking Bits: (ParMarkBitMap*) 0x0000000059f812b0
 Begin Bits: [0x0000000012630000, 0x0000000013630000)
 End Bits:   [0x0000000013630000, 0x0000000014630000)

Polling page: 0x0000000000130000

CodeCache: size=245760Kb used=9153Kb max_used=9169Kb free=236606Kb
 bounds [0x0000000002810000, 0x0000000003120000, 0x0000000011810000]
 total_blobs=2182 nmethods=1918 adapters=178
 compilation: enabled

Compilation events (10 events):
Event: 27.599 Thread 0x000000005522e800 1934       4       com.android.dx.dex.code.RopTranslator$LocalVariableAwareTranslationVisitor::visitThrowingCstInsn (11 bytes)
Event: 27.721 Thread 0x000000005522e800 nmethod 1934 0x000000000310ab10 code [0x000000000310ae00, 0x000000000310d2a0]
Event: 27.722 Thread 0x000000005522e800 1935       4       com.android.dx.dex.code.RopTranslator$TranslationVisitor::visitThrowingCstInsn (225 bytes)
Event: 27.786 Thread 0x000000005521f000 1936   !   3       java.util.concurrent.locks.AbstractQueuedSynchronizer::acquireQueued (93 bytes)
Event: 27.801 Thread 0x000000005521f000 nmethod 1936 0x00000000030bc010 code [0x00000000030bc220, 0x00000000030bccd8]
Event: 27.875 Thread 0x000000005522e800 nmethod 1935 0x0000000003110b90 code [0x0000000003110e00, 0x0000000003112990]
Event: 27.875 Thread 0x000000005522e800 1938       4       com.android.dx.cf.code.BaseMachine::auxCstArg (20 bytes)
Event: 27.876 Thread 0x000000005522e800 nmethod 1938 0x00000000030b0150 code [0x00000000030b0280, 0x00000000030b02f8]
Event: 27.877 Thread 0x000000005522e800 1937       4       java.util.TreeMap$ValueIterator::next (8 bytes)
Event: 27.881 Thread 0x000000005522e800 nmethod 1937 0x0000000003097210 code [0x0000000003097360, 0x0000000003097478]

GC Heap History (10 events):
Event: 13.080 GC heap before
{Heap before GC invocations=11 (full 0):
 PSYoungGen      total 15872K, used 15648K [0x00000000eab00000, 0x00000000ebf00000, 0x0000000100000000)
  eden space 12800K, 100% used [0x00000000eab00000,0x00000000eb780000,0x00000000eb780000)
  from space 3072K, 92% used [0x00000000ebb00000,0x00000000ebdc8018,0x00000000ebe00000)
  to   space 3584K, 0% used [0x00000000eb780000,0x00000000eb780000,0x00000000ebb00000)
 ParOldGen       total 61952K, used 4117K [0x00000000c0000000, 0x00000000c3c80000, 0x00000000eab00000)
  object space 61952K, 6% used [0x00000000c0000000,0x00000000c0405508,0x00000000c3c80000)
 Metaspace       used 5809K, capacity 6832K, committed 7040K, reserved 1056768K
  class space    used 587K, capacity 616K, committed 640K, reserved 1048576K
Event: 13.384 GC heap after
Heap after GC invocations=11 (full 0):
 PSYoungGen      total 16384K, used 2112K [0x00000000eab00000, 0x00000000ec600000, 0x0000000100000000)
  eden space 12800K, 0% used [0x00000000eab00000,0x00000000eab00000,0x00000000eb780000)
  from space 3584K, 58% used [0x00000000eb780000,0x00000000eb990010,0x00000000ebb00000)
  to   space 3584K, 0% used [0x00000000ec280000,0x00000000ec280000,0x00000000ec600000)
 ParOldGen       total 61952K, used 6689K [0x00000000c0000000, 0x00000000c3c80000, 0x00000000eab00000)
  object space 61952K, 10% used [0x00000000c0000000,0x00000000c0688530,0x00000000c3c80000)
 Metaspace       used 5809K, capacity 6832K, committed 7040K, reserved 1056768K
  class space    used 587K, capacity 616K, committed 640K, reserved 1048576K
}
Event: 15.525 GC heap before
{Heap before GC invocations=12 (full 0):
 PSYoungGen      total 16384K, used 14912K [0x00000000eab00000, 0x00000000ec600000, 0x0000000100000000)
  eden space 12800K, 100% used [0x00000000eab00000,0x00000000eb780000,0x00000000eb780000)
  from space 3584K, 58% used [0x00000000eb780000,0x00000000eb990010,0x00000000ebb00000)
  to   space 3584K, 0% used [0x00000000ec280000,0x00000000ec280000,0x00000000ec600000)
 ParOldGen       total 61952K, used 6689K [0x00000000c0000000, 0x00000000c3c80000, 0x00000000eab00000)
  object space 61952K, 10% used [0x00000000c0000000,0x00000000c0688530,0x00000000c3c80000)
 Metaspace       used 5840K, capacity 6832K, committed 7040K, reserved 1056768K
  class space    used 588K, capacity 616K, committed 640K, reserved 1048576K
Event: 15.849 GC heap after
Heap after GC invocations=12 (full 0):
 PSYoungGen      total 24064K, used 2080K [0x00000000eab00000, 0x00000000ec600000, 0x0000000100000000)
  eden space 20480K, 0% used [0x00000000eab00000,0x00000000eab00000,0x00000000ebf00000)
  from space 3584K, 58% used [0x00000000ec280000,0x00000000ec488010,0x00000000ec600000)
  to   space 3584K, 0% used [0x00000000ebf00000,0x00000000ebf00000,0x00000000ec280000)
 ParOldGen       total 61952K, used 8614K [0x00000000c0000000, 0x00000000c3c80000, 0x00000000eab00000)
  object space 61952K, 13% used [0x00000000c0000000,0x00000000c08698d0,0x00000000c3c80000)
 Metaspace       used 5840K, capacity 6832K, committed 7040K, reserved 1056768K
  class space    used 588K, capacity 616K, committed 640K, reserved 1048576K
}
Event: 18.453 GC heap before
{Heap before GC invocations=13 (full 0):
 PSYoungGen      total 24064K, used 22560K [0x00000000eab00000, 0x00000000ec600000, 0x0000000100000000)
  eden space 20480K, 100% used [0x00000000eab00000,0x00000000ebf00000,0x00000000ebf00000)
  from space 3584K, 58% used [0x00000000ec280000,0x00000000ec488010,0x00000000ec600000)
  to   space 3584K, 0% used [0x00000000ebf00000,0x00000000ebf00000,0x00000000ec280000)
 ParOldGen       total 61952K, used 8614K [0x00000000c0000000, 0x00000000c3c80000, 0x00000000eab00000)
  object space 61952K, 13% used [0x00000000c0000000,0x00000000c08698d0,0x00000000c3c80000)
 Metaspace       used 5872K, capacity 6896K, committed 7040K, reserved 1056768K
  class space    used 588K, capacity 616K, committed 640K, reserved 1048576K
Event: 19.100 GC heap after
Heap after GC invocations=13 (full 0):
 PSYoungGen      total 24064K, used 3315K [0x00000000eab00000, 0x00000000ed300000, 0x0000000100000000)
  eden space 20480K, 0% used [0x00000000eab00000,0x00000000eab00000,0x00000000ebf00000)
  from space 3584K, 92% used [0x00000000ebf00000,0x00000000ec23cce0,0x00000000ec280000)
  to   space 4096K, 0% used [0x00000000ecf00000,0x00000000ecf00000,0x00000000ed300000)
 ParOldGen       total 61952K, used 10250K [0x00000000c0000000, 0x00000000c3c80000, 0x00000000eab00000)
  object space 61952K, 16% used [0x00000000c0000000,0x00000000c0a02af0,0x00000000c3c80000)
 Metaspace       used 5872K, capacity 6896K, committed 7040K, reserved 1056768K
  class space    used 588K, capacity 616K, committed 640K, reserved 1048576K
}
Event: 22.907 GC heap before
{Heap before GC invocations=14 (full 0):
 PSYoungGen      total 24064K, used 23795K [0x00000000eab00000, 0x00000000ed300000, 0x0000000100000000)
  eden space 20480K, 100% used [0x00000000eab00000,0x00000000ebf00000,0x00000000ebf00000)
  from space 3584K, 92% used [0x00000000ebf00000,0x00000000ec23cce0,0x00000000ec280000)
  to   space 4096K, 0% used [0x00000000ecf00000,0x00000000ecf00000,0x00000000ed300000)
 ParOldGen       total 61952K, used 10250K [0x00000000c0000000, 0x00000000c3c80000, 0x00000000eab00000)
  object space 61952K, 16% used [0x00000000c0000000,0x00000000c0a02af0,0x00000000c3c80000)
 Metaspace       used 5905K, capacity 6896K, committed 7040K, reserved 1056768K
  class space    used 588K, capacity 616K, committed 640K, reserved 1048576K
Event: 23.354 GC heap after
Heap after GC invocations=14 (full 0):
 PSYoungGen      total 36352K, used 3262K [0x00000000eab00000, 0x00000000ed400000, 0x0000000100000000)
  eden space 32256K, 0% used [0x00000000eab00000,0x00000000eab00000,0x00000000eca80000)
  from space 4096K, 79% used [0x00000000ecf00000,0x00000000ed22f9f0,0x00000000ed300000)
  to   space 4608K, 0% used [0x00000000eca80000,0x00000000eca80000,0x00000000ecf00000)
 ParOldGen       total 61952K, used 13424K [0x00000000c0000000, 0x00000000c3c80000, 0x00000000eab00000)
  object space 61952K, 21% used [0x00000000c0000000,0x00000000c0d1c020,0x00000000c3c80000)
 Metaspace       used 5905K, capacity 6896K, committed 7040K, reserved 1056768K
  class space    used 588K, capacity 616K, committed 640K, reserved 1048576K
}
Event: 27.085 GC heap before
{Heap before GC invocations=15 (full 0):
 PSYoungGen      total 36352K, used 35518K [0x00000000eab00000, 0x00000000ed400000, 0x0000000100000000)
  eden space 32256K, 100% used [0x00000000eab00000,0x00000000eca80000,0x00000000eca80000)
  from space 4096K, 79% used [0x00000000ecf00000,0x00000000ed22f9f0,0x00000000ed300000)
  to   space 4608K, 0% used [0x00000000eca80000,0x00000000eca80000,0x00000000ecf00000)
 ParOldGen       total 61952K, used 13424K [0x00000000c0000000, 0x00000000c3c80000, 0x00000000eab00000)
  object space 61952K, 21% used [0x00000000c0000000,0x00000000c0d1c020,0x00000000c3c80000)
 Metaspace       used 5921K, capacity 6896K, committed 7040K, reserved 1056768K
  class space    used 588K, capacity 616K, committed 640K, reserved 1048576K
Event: 27.347 GC heap after
Heap after GC invocations=15 (full 0):
 PSYoungGen      total 36864K, used 4576K [0x00000000eab00000, 0x00000000eea80000, 0x0000000100000000)
  eden space 32256K, 0% used [0x00000000eab00000,0x00000000eab00000,0x00000000eca80000)
  from space 4608K, 99% used [0x00000000eca80000,0x00000000ecef8010,0x00000000ecf00000)
  to   space 6656K, 0% used [0x00000000ee400000,0x00000000ee400000,0x00000000eea80000)
 ParOldGen       total 61952K, used 16963K [0x00000000c0000000, 0x00000000c3c80000, 0x00000000eab00000)
  object space 61952K, 27% used [0x00000000c0000000,0x00000000c1090e40,0x00000000c3c80000)
 Metaspace       used 5921K, capacity 6896K, committed 7040K, reserved 1056768K
  class space    used 588K, capacity 616K, committed 640K, reserved 1048576K
}

Deoptimization events (10 events):
Event: 21.379 Thread 0x00000000570e3000 Uncommon trap: reason=class_check action=maybe_recompile pc=0x0000000002e99794 method=com.android.dx.cf.code.Ropper.processBlock(Lcom/android/dx/cf/code/ByteBlock;Lcom/android/dx/cf/code/Frame;[I)V @ 777
Event: 22.317 Thread 0x00000000570e3000 Uncommon trap: reason=class_check action=maybe_recompile pc=0x0000000002fc5694 method=com.android.dx.cf.code.Simulator$SimVisitor.visitConstant(IIILcom/android/dx/rop/cst/Constant;I)V @ 131
Event: 22.711 Thread 0x00000000570c4800 Uncommon trap: reason=class_check action=maybe_recompile pc=0x0000000002fc5694 method=com.android.dx.cf.code.Simulator$SimVisitor.visitConstant(IIILcom/android/dx/rop/cst/Constant;I)V @ 131
Event: 22.871 Thread 0x000000000230f000 Uncommon trap: reason=unloaded action=reinterpret pc=0x0000000002d87408 method=com.android.dx.cf.cst.ConstantPoolParser.parse0(ILjava/util/BitSet;)Lcom/android/dx/rop/cst/Constant; @ 198
Event: 25.214 Thread 0x00000000570e3000 Uncommon trap: reason=class_check action=maybe_recompile pc=0x00000000030806a8 method=com.android.dx.cf.code.Simulator$SimVisitor.visitLocal(IIIILcom/android/dx/rop/type/Type;I)V @ 246
Event: 25.214 Thread 0x00000000570e3000 Uncommon trap: reason=class_check action=maybe_recompile pc=0x00000000030806a8 method=com.android.dx.cf.code.Simulator$SimVisitor.visitLocal(IIIILcom/android/dx/rop/type/Type;I)V @ 246
Event: 25.216 Thread 0x00000000570e3000 Uncommon trap: reason=class_check action=maybe_recompile pc=0x00000000030806a8 method=com.android.dx.cf.code.Simulator$SimVisitor.visitLocal(IIIILcom/android/dx/rop/type/Type;I)V @ 246
Event: 25.218 Thread 0x00000000570e3000 Uncommon trap: reason=bimorphic action=maybe_recompile pc=0x0000000002fe6928 method=com.android.dx.cf.code.BytecodeArray.parseInstruction(ILcom/android/dx/cf/code/BytecodeArray$Visitor;)I @ 1501
Event: 25.218 Thread 0x00000000570e3000 Uncommon trap: reason=bimorphic action=maybe_recompile pc=0x0000000002fe6928 method=com.android.dx.cf.code.BytecodeArray.parseInstruction(ILcom/android/dx/cf/code/BytecodeArray$Visitor;)I @ 1501
Event: 25.218 Thread 0x00000000570e3000 Uncommon trap: reason=class_check action=maybe_recompile pc=0x00000000030806a8 method=com.android.dx.cf.code.Simulator$SimVisitor.visitLocal(IIIILcom/android/dx/rop/type/Type;I)V @ 246

Internal exceptions (10 events):
Event: 4.502 Thread 0x00000000570e3000 Exception <a 'java/security/PrivilegedActionException'> (0x00000000eac073d0) thrown at [C:\re\workspace\8-2-build-windows-amd64-cygwin\jdk8u11\648\hotspot\src\share\vm\prims\jvm.cpp, line 1248]
Event: 4.506 Thread 0x00000000570e3000 Exception <a 'java/security/PrivilegedActionException'> (0x00000000eac0db30) thrown at [C:\re\workspace\8-2-build-windows-amd64-cygwin\jdk8u11\648\hotspot\src\share\vm\prims\jvm.cpp, line 1248]
Event: 4.516 Thread 0x00000000570e3000 Exception <a 'java/security/PrivilegedActionException'> (0x00000000eac16ff8) thrown at [C:\re\workspace\8-2-build-windows-amd64-cygwin\jdk8u11\648\hotspot\src\share\vm\prims\jvm.cpp, line 1248]
Event: 5.215 Thread 0x00000000570e2000 Exception <a 'java/security/PrivilegedActionException'> (0x00000000eb111338) thrown at [C:\re\workspace\8-2-build-windows-amd64-cygwin\jdk8u11\648\hotspot\src\share\vm\prims\jvm.cpp, line 1248]
Event: 10.611 Thread 0x00000000570df000 Exception <a 'java/security/PrivilegedActionException'> (0x00000000ead398e8) thrown at [C:\re\workspace\8-2-build-windows-amd64-cygwin\jdk8u11\648\hotspot\src\share\vm\prims\jvm.cpp, line 1248]
Event: 12.444 Thread 0x00000000570df000 Implicit null exception at 0x0000000002c1d9d3 to 0x0000000002c1eec9
Event: 12.444 Thread 0x00000000570df000 Implicit null exception at 0x0000000002c04bbc to 0x0000000002c05fe1
Event: 14.827 Thread 0x00000000570e3000 Exception <a 'java/security/PrivilegedActionException'> (0x00000000eb1f6dd8) thrown at [C:\re\workspace\8-2-build-windows-amd64-cygwin\jdk8u11\648\hotspot\src\share\vm\prims\jvm.cpp, line 1248]
Event: 15.428 Thread 0x00000000570e3000 Exception <a 'java/security/PrivilegedActionException'> (0x00000000eb3d58d0) thrown at [C:\re\workspace\8-2-build-windows-amd64-cygwin\jdk8u11\648\hotspot\src\share\vm\prims\jvm.cpp, line 1248]
Event: 25.020 Thread 0x000000000230f000 Exception <a 'java/security/PrivilegedActionException'> (0x00000000ebb2b540) thrown at [C:\re\workspace\8-2-build-windows-amd64-cygwin\jdk8u11\648\hotspot\src\share\vm\prims\jvm.cpp, line 1248]

Events (10 events):
Event: 25.218 Thread 0x00000000570e3000 DEOPT UNPACKING pc=0x00000000028573ef sp=0x00000000581ae730 mode 2
Event: 25.218 Thread 0x00000000570e3000 Uncommon trap: trap_request=0xffffffc6 fr.pc=0x0000000002fe6928
Event: 25.218 Thread 0x00000000570e3000 DEOPT PACKING pc=0x0000000002fe6928 sp=0x00000000581ae8a0
Event: 25.218 Thread 0x00000000570e3000 DEOPT UNPACKING pc=0x00000000028573ef sp=0x00000000581ae830 mode 2
Event: 25.218 Thread 0x00000000570e3000 Uncommon trap: trap_request=0xffffffde fr.pc=0x00000000030806a8
Event: 25.218 Thread 0x00000000570e3000 DEOPT PACKING pc=0x00000000030806a8 sp=0x00000000581ae910
Event: 25.218 Thread 0x00000000570e3000 DEOPT UNPACKING pc=0x00000000028573ef sp=0x00000000581ae8d8 mode 2
Event: 27.085 Executing VM operation: ParallelGCFailedAllocation
Event: 27.347 Executing VM operation: ParallelGCFailedAllocation done
Event: 27.385 Thread 0x000000005521d000 flushing nmethod 0x000000000291ba50


Dynamic libraries:
0x000000013fa80000 - 0x000000013fab4000 	C:\Program Files\Java\jdk1.8.0_11\bin\java.exe
0x0000000077c50000 - 0x0000000077df8000 	C:\Windows\SYSTEM32\ntdll.dll
0x0000000077a30000 - 0x0000000077b4f000 	C:\Windows\system32\kernel32.dll
0x000007fefdaf0000 - 0x000007fefdb5c000 	C:\Windows\system32\KERNELBASE.dll
0x000007fefe440000 - 0x000007fefe51b000 	C:\Windows\system32\ADVAPI32.dll
0x000007fefe3a0000 - 0x000007fefe43f000 	C:\Windows\system32\msvcrt.dll
0x000007fefef50000 - 0x000007fefef6f000 	C:\Windows\SYSTEM32\sechost.dll
0x000007fefe520000 - 0x000007fefe64d000 	C:\Windows\system32\RPCRT4.dll
0x0000000077b50000 - 0x0000000077c4a000 	C:\Windows\system32\USER32.dll
0x000007fefe650000 - 0x000007fefe6b7000 	C:\Windows\system32\GDI32.dll
0x000007fefdec0000 - 0x000007fefdece000 	C:\Windows\system32\LPK.dll
0x000007feffe90000 - 0x000007fefff59000 	C:\Windows\system32\USP10.dll
0x000007fefc070000 - 0x000007fefc264000 	C:\Windows\WinSxS\amd64_microsoft.windows.common-controls_6595b64144ccf1df_6.0.7601.18837_none_fa3b1e3d17594757\COMCTL32.dll
0x000007fefde40000 - 0x000007fefdeb1000 	C:\Windows\system32\SHLWAPI.dll
0x000007fefe6c0000 - 0x000007fefe6ee000 	C:\Windows\system32\IMM32.DLL
0x000007fefe0b0000 - 0x000007fefe1b9000 	C:\Windows\system32\MSCTF.dll
0x0000000074a50000 - 0x0000000074b22000 	C:\Program Files\Java\jdk1.8.0_11\jre\bin\msvcr100.dll
0x00000000597d0000 - 0x0000000059ffa000 	C:\Program Files\Java\jdk1.8.0_11\jre\bin\server\jvm.dll
0x000007fef9490000 - 0x000007fef9499000 	C:\Windows\system32\WSOCK32.dll
0x000007fefe350000 - 0x000007fefe39d000 	C:\Windows\system32\WS2_32.dll
0x000007fefef70000 - 0x000007fefef78000 	C:\Windows\system32\NSI.dll
0x000007fefb900000 - 0x000007fefb93b000 	C:\Windows\system32\WINMM.dll
0x0000000077e20000 - 0x0000000077e27000 	C:\Windows\system32\PSAPI.DLL
0x0000000074d50000 - 0x0000000074d5f000 	C:\Program Files\Java\jdk1.8.0_11\jre\bin\verify.dll
0x00000000596c0000 - 0x00000000596e8000 	C:\Program Files\Java\jdk1.8.0_11\jre\bin\java.dll
0x00000000596a0000 - 0x00000000596b6000 	C:\Program Files\Java\jdk1.8.0_11\jre\bin\zip.dll
0x000007feff100000 - 0x000007feffe89000 	C:\Windows\system32\SHELL32.dll
0x000007fefea40000 - 0x000007fefec43000 	C:\Windows\system32\ole32.dll
0x000007fefda00000 - 0x000007fefda0f000 	C:\Windows\system32\profapi.dll
0x000007fef5ac0000 - 0x000007fef5be5000 	C:\Windows\system32\dbghelp.dll

VM Arguments:
jvm_args: -Djava.awt.headless=true -Xmx1024M -Dfile.encoding=windows-1252 -Duser.country=US -Duser.language=en -Duser.variant 
java_command: com.android.dx.command.Main --dex --force-jumbo --num-threads=4 --output C:\ORT\prog6\2016\CocosFirst\app\build\intermediates\pre-dexed\debug\cocos2d-android.v0.82_97ac6e1a2f5ce5b2a29fc9711939b327a272a92c.jar C:\ORT\prog6\2016\CocosFirst\app\libs\cocos2d-android.v0.82.jar
java_class_path (initial): C:\Users\Leandro\AppData\Local\Android\sdk\build-tools\23.0.2\lib\dx.jar
Launcher Type: SUN_STANDARD

Environment Variables:
JAVA_HOME=C:\Program Files\Java\jdk1.8.0_11
PATH=C:\Windows\system32;C:\Windows;C:\Windows\System32\Wbem;C:\Windows\System32\WindowsPowerShell\v1.0\;c:\Program Files (x86)\ATI Technologies\ATI.ACE\Core-Static;C:\php\;C:\ProgramData\ComposerSetup\bin;c:\program files\Java\jdk1.8.0_11\bin;C:\Program Files (x86)\Git\bin;C:\Users\Leandro\AppData\Roaming\npm\;c:\Python27;c:\Python34;c:\Python34\scripts;C:\Program Files (x86)\GitExtensions\;C:\Program Files (x86)\Skype\Phone\;C:\Program Files\nodejs\;C:\Users\Leandro\AppData\Local\atom\bin;C:\Users\Leandro\AppData\Roaming\npm;C:\Users\Leandro\AppData\Local\Android\sdk\platform-tools;
USERNAME=Leandro
OS=Windows_NT
PROCESSOR_IDENTIFIER=Intel64 Family 6 Model 37 Stepping 2, GenuineIntel



---------------  S Y S T E M  ---------------

OS: Windows 7 , 64 bit Build 7601 Service Pack 1

CPU:total 4 (2 cores per cpu, 2 threads per core) family 6 model 37 stepping 2, cmov, cx8, fxsr, mmx, sse, sse2, sse3, ssse3, sse4.1, sse4.2, popcnt, aes, clmul, ht, tsc, tscinvbit

Memory: 4k page, physical 4044900k(34756k free), swap 8281068k(5172k free)

vm_info: Java HotSpot(TM) 64-Bit Server VM (25.11-b03) for windows-amd64 JRE (1.8.0_11-b12), built on Jun 16 2014 20:57:32 by "java_re" with MS VC++ 10.0 (VS2010)

time: Mon Sep 12 10:43:29 2016
elapsed time: 28 seconds

